[ 2020-04-01T20:48:18+08:00 ] ::1 /test/culture3.0/index.php?_ijt=tk5510b834fgad78dronqug59
INFO: [ app_init ] --START--
INFO: Run Behavior\BuildLiteBehavior [ RunTime:0.000020s ]
INFO: [ app_init ] --END-- [ RunTime:1.261119s ]
INFO: [ app_begin ] --START--
INFO: Run Behavior\ReadHtmlCacheBehavior [ RunTime:0.186465s ]
INFO: [ app_begin ] --END-- [ RunTime:0.186632s ]
SQL: SHOW COLUMNS FROM `tb_picture` [ RunTime:0.486672s ]
ERR: 1146:Table 'db_culture.tb_picture' doesn't exist
 [ SQL语句 ] : SHOW COLUMNS FROM `tb_picture`
SQL: SELECT * FROM `tb_picture` WHERE `type` = 'slide'  [ RunTime:0.071949s ]
ERR: 1146:Table 'db_culture.tb_picture' doesn't exist
 [ SQL语句 ] : SELECT * FROM `tb_picture` WHERE `type` = 'slide' 
SQL: SHOW COLUMNS FROM `tb_notice` [ RunTime:0.261327s ]
SQL: SELECT COUNT(*) AS tp_count FROM `tb_notice` WHERE ( id>=1 ) LIMIT 1   [ RunTime:0.062655s ]
SQL: SELECT * FROM `tb_notice` WHERE ( id>=1 ) ORDER BY `time` desc LIMIT 0,10   [ RunTime:0.020703s ]
SQL: SHOW COLUMNS FROM `tb_policy` [ RunTime:0.334157s ]
SQL: SELECT * FROM `tb_policy` WHERE ( id>=1 ) ORDER BY `time` desc  [ RunTime:0.000667s ]
SQL: SHOW COLUMNS FROM `tb_director` [ RunTime:0.548953s ]
SQL: SELECT * FROM `tb_director` WHERE ( Did>=1 ) ORDER BY `Did` asc  [ RunTime:0.021482s ]
SQL: SHOW COLUMNS FROM `tb_dynamic` [ RunTime:0.345283s ]
SQL: SELECT * FROM `tb_dynamic` WHERE ( id>=1 ) ORDER BY `time` desc  [ RunTime:0.000472s ]
SQL: SHOW COLUMNS FROM `tb_inheritor` [ RunTime:0.183142s ]
SQL: SELECT * FROM `tb_inheritor` WHERE ( id=1 ) LIMIT 1   [ RunTime:0.000416s ]
SQL: SHOW COLUMNS FROM `tb_country` [ RunTime:0.111712s ]
SQL: SELECT * FROM `tb_country` WHERE ( id>=1 ) ORDER BY `id` asc  [ RunTime:0.008833s ]
INFO: [ view_parse ] --START--
INFO: [ template_filter ] --START--
INFO: Run Behavior\ContentReplaceBehavior [ RunTime:0.000078s ]
INFO: [ template_filter ] --END-- [ RunTime:0.000137s ]
INFO: Run Behavior\ParseTemplateBehavior [ RunTime:2.902359s ]
INFO: [ view_parse ] --END-- [ RunTime:2.902430s ]
INFO: [ view_filter ] --START--
INFO: Run Behavior\WriteHtmlCacheBehavior [ RunTime:0.040598s ]
INFO: [ view_filter ] --END-- [ RunTime:0.040659s ]
INFO: [ app_end ] --START--
INFO: Run Behavior\ShowPageTraceBehavior [ RunTime:0.145361s ]
INFO: [ app_end ] --END-- [ RunTime:0.145449s ]

