[ 2020-02-02T09:18:27+08:00 ] ::1 /test/culture3.0/index.php
INFO: [ app_init ] --START--
INFO: Run Behavior\BuildLiteBehavior [ RunTime:0.000056s ]
INFO: [ app_init ] --END-- [ RunTime:0.020154s ]
INFO: [ app_begin ] --START--
INFO: Run Behavior\ReadHtmlCacheBehavior [ RunTime:0.007814s ]
INFO: [ app_begin ] --END-- [ RunTime:0.008054s ]
SQL: SHOW COLUMNS FROM `tb_picture` [ RunTime:0.103356s ]
SQL: SELECT * FROM `tb_picture` WHERE `type` = 'slide'  [ RunTime:0.050305s ]
SQL: SHOW COLUMNS FROM `tb_notice` [ RunTime:0.190979s ]
NOTIC: [8] Undefined index: p D:\phpStudy\WWW\test\culture3.0\App\Home\Controller\IndexController.class.php 第 15 行.
NOTIC: [8] Undefined index: limit D:\phpStudy\WWW\test\culture3.0\ThinkPHP\Library\Think\Db.class.php 第 786 行.
SQL: SELECT * FROM `tb_notice` WHERE ( id>=1 ) ORDER BY `time` desc LIMIT 0,20   [ RunTime:0.011965s ]
SQL: SELECT COUNT(*) AS tp_count FROM `tb_notice` WHERE ( id>=1 ) LIMIT 1   [ RunTime:0.000723s ]
NOTIC: [2] Invalid argument supplied for foreach() D:\phpStudy\WWW\test\culture3.0\App\Home\Controller\IndexController.class.php 第 19 行.
SQL: SHOW COLUMNS FROM `tb_policy` [ RunTime:0.015692s ]
SQL: SELECT * FROM `tb_policy` WHERE ( id>=1 ) ORDER BY `time` desc  [ RunTime:0.001389s ]
SQL: SHOW COLUMNS FROM `tb_director` [ RunTime:0.035508s ]
SQL: SELECT * FROM `tb_director` WHERE ( Did>=1 ) ORDER BY `Did` asc  [ RunTime:0.000645s ]
NOTIC: [8] Undefined offset: 2 D:\phpStudy\WWW\test\culture3.0\App\Home\Controller\IndexController.class.php 第 49 行.
NOTIC: [8] Undefined offset: 2 D:\phpStudy\WWW\test\culture3.0\App\Home\Controller\IndexController.class.php 第 49 行.
NOTIC: [8] Undefined offset: 2 D:\phpStudy\WWW\test\culture3.0\App\Home\Controller\IndexController.class.php 第 49 行.
NOTIC: [8] Undefined offset: 2 D:\phpStudy\WWW\test\culture3.0\App\Home\Controller\IndexController.class.php 第 49 行.
NOTIC: [8] Undefined offset: 2 D:\phpStudy\WWW\test\culture3.0\App\Home\Controller\IndexController.class.php 第 49 行.
NOTIC: [8] Undefined offset: 2 D:\phpStudy\WWW\test\culture3.0\App\Home\Controller\IndexController.class.php 第 49 行.
NOTIC: [8] Undefined offset: 2 D:\phpStudy\WWW\test\culture3.0\App\Home\Controller\IndexController.class.php 第 49 行.
NOTIC: [8] Undefined offset: 2 D:\phpStudy\WWW\test\culture3.0\App\Home\Controller\IndexController.class.php 第 49 行.
INFO: [ view_parse ] --START--
INFO: [ template_filter ] --START--
INFO: Run Behavior\ContentReplaceBehavior [ RunTime:0.000057s ]
INFO: [ template_filter ] --END-- [ RunTime:0.000115s ]
INFO: Run Behavior\ParseTemplateBehavior [ RunTime:0.247031s ]
INFO: [ view_parse ] --END-- [ RunTime:0.247133s ]
INFO: [ view_filter ] --START--
INFO: Run Behavior\WriteHtmlCacheBehavior [ RunTime:0.049508s ]
INFO: [ view_filter ] --END-- [ RunTime:0.049605s ]
INFO: [ app_end ] --START--
INFO: Run Behavior\ShowPageTraceBehavior [ RunTime:0.001758s ]
INFO: [ app_end ] --END-- [ RunTime:0.001901s ]

[ 2020-02-02T09:20:59+08:00 ] ::1 /test/culture3.0/index.php
INFO: [ app_init ] --START--
INFO: Run Behavior\BuildLiteBehavior [ RunTime:0.000024s ]
INFO: [ app_init ] --END-- [ RunTime:0.000573s ]
INFO: [ app_begin ] --START--
INFO: Run Behavior\ReadHtmlCacheBehavior [ RunTime:0.062606s ]
INFO: [ app_begin ] --END-- [ RunTime:0.062720s ]
SQL: SHOW COLUMNS FROM `tb_picture` [ RunTime:0.061349s ]
SQL: SELECT * FROM `tb_picture` WHERE `type` = 'slide'  [ RunTime:0.000339s ]
SQL: SHOW COLUMNS FROM `tb_notice` [ RunTime:0.005513s ]
NOTIC: [8] Undefined index: p D:\phpStudy\WWW\test\culture3.0\App\Home\Controller\IndexController.class.php 第 15 行.
NOTIC: [8] Undefined index: limit D:\phpStudy\WWW\test\culture3.0\ThinkPHP\Library\Think\Db.class.php 第 786 行.
SQL: SELECT * FROM `tb_notice` WHERE ( id>=1 ) ORDER BY `time` desc LIMIT 0,20   [ RunTime:0.000452s ]
SQL: SELECT COUNT(*) AS tp_count FROM `tb_notice` WHERE ( id>=1 ) LIMIT 1   [ RunTime:0.000241s ]
NOTIC: [2] Invalid argument supplied for foreach() D:\phpStudy\WWW\test\culture3.0\App\Home\Controller\IndexController.class.php 第 19 行.
SQL: SHOW COLUMNS FROM `tb_policy` [ RunTime:0.004310s ]
SQL: SELECT * FROM `tb_policy` WHERE ( id>=1 ) ORDER BY `time` desc  [ RunTime:0.000367s ]
SQL: SHOW COLUMNS FROM `tb_director` [ RunTime:0.005071s ]
SQL: SELECT * FROM `tb_director` WHERE ( Did>=1 ) ORDER BY `Did` asc  [ RunTime:0.000364s ]
NOTIC: [8] Undefined offset: 2 D:\phpStudy\WWW\test\culture3.0\App\Home\Controller\IndexController.class.php 第 49 行.
NOTIC: [8] Undefined offset: 2 D:\phpStudy\WWW\test\culture3.0\App\Home\Controller\IndexController.class.php 第 49 行.
NOTIC: [8] Undefined offset: 2 D:\phpStudy\WWW\test\culture3.0\App\Home\Controller\IndexController.class.php 第 49 行.
NOTIC: [8] Undefined offset: 2 D:\phpStudy\WWW\test\culture3.0\App\Home\Controller\IndexController.class.php 第 49 行.
NOTIC: [8] Undefined offset: 2 D:\phpStudy\WWW\test\culture3.0\App\Home\Controller\IndexController.class.php 第 49 行.
NOTIC: [8] Undefined offset: 2 D:\phpStudy\WWW\test\culture3.0\App\Home\Controller\IndexController.class.php 第 49 行.
NOTIC: [8] Undefined offset: 2 D:\phpStudy\WWW\test\culture3.0\App\Home\Controller\IndexController.class.php 第 49 行.
NOTIC: [8] Undefined offset: 2 D:\phpStudy\WWW\test\culture3.0\App\Home\Controller\IndexController.class.php 第 49 行.
INFO: [ view_parse ] --START--
INFO: [ template_filter ] --START--
INFO: Run Behavior\ContentReplaceBehavior [ RunTime:0.000057s ]
INFO: [ template_filter ] --END-- [ RunTime:0.000113s ]
INFO: Run Behavior\ParseTemplateBehavior [ RunTime:0.007111s ]
INFO: [ view_parse ] --END-- [ RunTime:0.007186s ]
INFO: [ view_filter ] --START--
INFO: Run Behavior\WriteHtmlCacheBehavior [ RunTime:0.000271s ]
INFO: [ view_filter ] --END-- [ RunTime:0.000314s ]
INFO: [ app_end ] --START--
INFO: Run Behavior\ShowPageTraceBehavior [ RunTime:0.000656s ]
INFO: [ app_end ] --END-- [ RunTime:0.000716s ]

[ 2020-02-02T09:21:36+08:00 ] ::1 /test/culture3.0/index.php
INFO: [ app_init ] --START--
INFO: Run Behavior\BuildLiteBehavior [ RunTime:0.000025s ]
INFO: [ app_init ] --END-- [ RunTime:0.000373s ]
INFO: [ app_begin ] --START--
INFO: Run Behavior\ReadHtmlCacheBehavior [ RunTime:0.000466s ]
INFO: [ app_begin ] --END-- [ RunTime:0.000533s ]
SQL: SHOW COLUMNS FROM `tb_picture` [ RunTime:0.015245s ]
SQL: SELECT * FROM `tb_picture` WHERE `type` = 'slide'  [ RunTime:0.000653s ]
SQL: SHOW COLUMNS FROM `tb_notice` [ RunTime:0.008736s ]
NOTIC: [8] Undefined index: p D:\phpStudy\WWW\test\culture3.0\App\Home\Controller\IndexController.class.php 第 15 行.
NOTIC: [8] Undefined index: limit D:\phpStudy\WWW\test\culture3.0\ThinkPHP\Library\Think\Db.class.php 第 786 行.
SQL: SELECT * FROM `tb_notice` WHERE ( id>=1 ) ORDER BY `time` desc LIMIT 0,20   [ RunTime:0.000605s ]
SQL: SELECT COUNT(*) AS tp_count FROM `tb_notice` WHERE ( id>=1 ) LIMIT 1   [ RunTime:0.000308s ]
NOTIC: [2] Invalid argument supplied for foreach() D:\phpStudy\WWW\test\culture3.0\App\Home\Controller\IndexController.class.php 第 19 行.
SQL: SHOW COLUMNS FROM `tb_policy` [ RunTime:0.005505s ]
SQL: SELECT * FROM `tb_policy` WHERE ( id>=1 ) ORDER BY `time` desc  [ RunTime:0.000390s ]
SQL: SHOW COLUMNS FROM `tb_director` [ RunTime:0.005907s ]
SQL: SELECT * FROM `tb_director` WHERE ( Did>=1 ) ORDER BY `Did` asc  [ RunTime:0.000394s ]
INFO: [ view_parse ] --START--
INFO: [ template_filter ] --START--
INFO: Run Behavior\ContentReplaceBehavior [ RunTime:0.000054s ]
INFO: [ template_filter ] --END-- [ RunTime:0.000114s ]
INFO: Run Behavior\ParseTemplateBehavior [ RunTime:0.014366s ]
INFO: [ view_parse ] --END-- [ RunTime:0.014442s ]
INFO: [ view_filter ] --START--
INFO: Run Behavior\WriteHtmlCacheBehavior [ RunTime:0.000198s ]
INFO: [ view_filter ] --END-- [ RunTime:0.000240s ]
INFO: [ app_end ] --START--
INFO: Run Behavior\ShowPageTraceBehavior [ RunTime:0.000500s ]
INFO: [ app_end ] --END-- [ RunTime:0.000594s ]

[ 2020-02-02T09:40:49+08:00 ] ::1 /test/culture3.0/index.php
INFO: [ app_init ] --START--
INFO: Run Behavior\BuildLiteBehavior [ RunTime:0.000014s ]
INFO: [ app_init ] --END-- [ RunTime:0.000324s ]
INFO: [ app_begin ] --START--
INFO: Run Behavior\ReadHtmlCacheBehavior [ RunTime:0.000465s ]
INFO: [ app_begin ] --END-- [ RunTime:0.000517s ]
SQL: SHOW COLUMNS FROM `tb_picture` [ RunTime:0.038741s ]
SQL: SELECT * FROM `tb_picture` WHERE `type` = 'slide'  [ RunTime:0.000411s ]
SQL: SHOW COLUMNS FROM `tb_notice` [ RunTime:0.006404s ]
NOTIC: [8] Undefined index: p D:\phpStudy\WWW\test\culture3.0\App\Home\Controller\IndexController.class.php 第 15 行.
NOTIC: [8] Undefined index: limit D:\phpStudy\WWW\test\culture3.0\ThinkPHP\Library\Think\Db.class.php 第 786 行.
SQL: SELECT * FROM `tb_notice` WHERE ( id>=1 ) ORDER BY `time` desc LIMIT 0,20   [ RunTime:0.000565s ]
SQL: SELECT COUNT(*) AS tp_count FROM `tb_notice` WHERE ( id>=1 ) LIMIT 1   [ RunTime:0.000291s ]
NOTIC: [2] Invalid argument supplied for foreach() D:\phpStudy\WWW\test\culture3.0\App\Home\Controller\IndexController.class.php 第 19 行.
SQL: SHOW COLUMNS FROM `tb_policy` [ RunTime:0.005727s ]
SQL: SELECT * FROM `tb_policy` WHERE ( id>=1 ) ORDER BY `time` desc  [ RunTime:0.000457s ]
SQL: SHOW COLUMNS FROM `tb_director` [ RunTime:0.006231s ]
SQL: SELECT * FROM `tb_director` WHERE ( Did>=1 ) ORDER BY `Did` asc  [ RunTime:0.000467s ]
INFO: [ view_parse ] --START--
INFO: [ template_filter ] --START--
INFO: Run Behavior\ContentReplaceBehavior [ RunTime:0.000056s ]
INFO: [ template_filter ] --END-- [ RunTime:0.000114s ]
INFO: Run Behavior\ParseTemplateBehavior [ RunTime:0.007718s ]
INFO: [ view_parse ] --END-- [ RunTime:0.007820s ]
INFO: [ view_filter ] --START--
INFO: Run Behavior\WriteHtmlCacheBehavior [ RunTime:0.000281s ]
INFO: [ view_filter ] --END-- [ RunTime:0.000326s ]
INFO: [ app_end ] --START--
INFO: Run Behavior\ShowPageTraceBehavior [ RunTime:0.000928s ]
INFO: [ app_end ] --END-- [ RunTime:0.001005s ]

[ 2020-02-02T09:41:11+08:00 ] ::1 /test/culture3.0/index.php
INFO: [ app_init ] --START--
INFO: Run Behavior\BuildLiteBehavior [ RunTime:0.000014s ]
INFO: [ app_init ] --END-- [ RunTime:0.000339s ]
INFO: [ app_begin ] --START--
INFO: Run Behavior\ReadHtmlCacheBehavior [ RunTime:0.000472s ]
INFO: [ app_begin ] --END-- [ RunTime:0.000524s ]
SQL: SHOW COLUMNS FROM `tb_picture` [ RunTime:0.005901s ]
SQL: SELECT * FROM `tb_picture` WHERE `type` = 'slide'  [ RunTime:0.000374s ]
SQL: SHOW COLUMNS FROM `tb_notice` [ RunTime:0.005708s ]
NOTIC: [8] Undefined index: p D:\phpStudy\WWW\test\culture3.0\App\Home\Controller\IndexController.class.php 第 15 行.
NOTIC: [8] Undefined index: limit D:\phpStudy\WWW\test\culture3.0\ThinkPHP\Library\Think\Db.class.php 第 786 行.
SQL: SELECT * FROM `tb_notice` WHERE ( id>=1 ) ORDER BY `time` desc LIMIT 0,20   [ RunTime:0.000449s ]
SQL: SELECT COUNT(*) AS tp_count FROM `tb_notice` WHERE ( id>=1 ) LIMIT 1   [ RunTime:0.000256s ]
NOTIC: [2] Invalid argument supplied for foreach() D:\phpStudy\WWW\test\culture3.0\App\Home\Controller\IndexController.class.php 第 19 行.
SQL: SHOW COLUMNS FROM `tb_policy` [ RunTime:0.004458s ]
SQL: SELECT * FROM `tb_policy` WHERE ( id>=1 ) ORDER BY `time` desc  [ RunTime:0.000372s ]
SQL: SHOW COLUMNS FROM `tb_director` [ RunTime:0.005165s ]
SQL: SELECT * FROM `tb_director` WHERE ( Did>=1 ) ORDER BY `Did` asc  [ RunTime:0.000361s ]
INFO: [ view_parse ] --START--
INFO: [ template_filter ] --START--
INFO: Run Behavior\ContentReplaceBehavior [ RunTime:0.000054s ]
INFO: [ template_filter ] --END-- [ RunTime:0.000111s ]
INFO: Run Behavior\ParseTemplateBehavior [ RunTime:0.007384s ]
INFO: [ view_parse ] --END-- [ RunTime:0.007464s ]
INFO: [ view_filter ] --START--
INFO: Run Behavior\WriteHtmlCacheBehavior [ RunTime:0.000268s ]
INFO: [ view_filter ] --END-- [ RunTime:0.000311s ]
INFO: [ app_end ] --START--
INFO: Run Behavior\ShowPageTraceBehavior [ RunTime:0.000562s ]
INFO: [ app_end ] --END-- [ RunTime:0.000620s ]

[ 2020-02-02T09:41:34+08:00 ] ::1 /test/culture3.0/index.php
INFO: [ app_init ] --START--
INFO: Run Behavior\BuildLiteBehavior [ RunTime:0.000020s ]
INFO: [ app_init ] --END-- [ RunTime:0.000530s ]
INFO: [ app_begin ] --START--
INFO: Run Behavior\ReadHtmlCacheBehavior [ RunTime:0.000513s ]
INFO: [ app_begin ] --END-- [ RunTime:0.000585s ]
SQL: SHOW COLUMNS FROM `tb_picture` [ RunTime:0.006236s ]
SQL: SELECT * FROM `tb_picture` WHERE `type` = 'slide'  [ RunTime:0.000342s ]
SQL: SHOW COLUMNS FROM `tb_notice` [ RunTime:0.005758s ]
NOTIC: [8] Undefined index: p D:\phpStudy\WWW\test\culture3.0\App\Home\Controller\IndexController.class.php 第 15 行.
NOTIC: [8] Undefined index: limit D:\phpStudy\WWW\test\culture3.0\ThinkPHP\Library\Think\Db.class.php 第 786 行.
SQL: SELECT * FROM `tb_notice` WHERE ( id>=1 ) ORDER BY `time` desc LIMIT 0,20   [ RunTime:0.000598s ]
SQL: SELECT COUNT(*) AS tp_count FROM `tb_notice` WHERE ( id>=1 ) LIMIT 1   [ RunTime:0.000299s ]
NOTIC: [2] Invalid argument supplied for foreach() D:\phpStudy\WWW\test\culture3.0\App\Home\Controller\IndexController.class.php 第 19 行.
SQL: SHOW COLUMNS FROM `tb_policy` [ RunTime:0.004699s ]
SQL: SELECT * FROM `tb_policy` WHERE ( id>=1 ) ORDER BY `time` desc  [ RunTime:0.000420s ]
SQL: SHOW COLUMNS FROM `tb_director` [ RunTime:0.005128s ]
SQL: SELECT * FROM `tb_director` WHERE ( Did>=1 ) ORDER BY `Did` asc  [ RunTime:0.000545s ]
INFO: [ view_parse ] --START--
INFO: [ template_filter ] --START--
INFO: Run Behavior\ContentReplaceBehavior [ RunTime:0.000054s ]
INFO: [ template_filter ] --END-- [ RunTime:0.000111s ]
INFO: Run Behavior\ParseTemplateBehavior [ RunTime:0.006355s ]
INFO: [ view_parse ] --END-- [ RunTime:0.006434s ]
INFO: [ view_filter ] --START--
INFO: Run Behavior\WriteHtmlCacheBehavior [ RunTime:0.000223s ]
INFO: [ view_filter ] --END-- [ RunTime:0.000265s ]
INFO: [ app_end ] --START--
INFO: Run Behavior\ShowPageTraceBehavior [ RunTime:0.000494s ]
INFO: [ app_end ] --END-- [ RunTime:0.000554s ]

[ 2020-02-02T10:06:37+08:00 ] ::1 /test/culture3.0/index.php
INFO: [ app_init ] --START--
INFO: Run Behavior\BuildLiteBehavior [ RunTime:0.000014s ]
INFO: [ app_init ] --END-- [ RunTime:0.000326s ]
INFO: [ app_begin ] --START--
INFO: Run Behavior\ReadHtmlCacheBehavior [ RunTime:0.002707s ]
INFO: [ app_begin ] --END-- [ RunTime:0.002829s ]
SQL: SHOW COLUMNS FROM `tb_picture` [ RunTime:0.005029s ]
SQL: SELECT * FROM `tb_picture` WHERE `type` = 'slide'  [ RunTime:0.000290s ]
SQL: SHOW COLUMNS FROM `tb_notice` [ RunTime:0.004520s ]
NOTIC: [8] Undefined index: p D:\phpStudy\WWW\test\culture3.0\App\Home\Controller\IndexController.class.php 第 15 行.
NOTIC: [8] Undefined index: limit D:\phpStudy\WWW\test\culture3.0\ThinkPHP\Library\Think\Db.class.php 第 786 行.
SQL: SELECT * FROM `tb_notice` WHERE ( id>=1 ) ORDER BY `time` desc LIMIT 0,20   [ RunTime:0.000447s ]
SQL: SELECT COUNT(*) AS tp_count FROM `tb_notice` WHERE ( id>=1 ) LIMIT 1   [ RunTime:0.000243s ]
NOTIC: [2] Invalid argument supplied for foreach() D:\phpStudy\WWW\test\culture3.0\App\Home\Controller\IndexController.class.php 第 19 行.
SQL: SHOW COLUMNS FROM `tb_policy` [ RunTime:0.003650s ]
SQL: SELECT * FROM `tb_policy` WHERE ( id>=1 ) ORDER BY `time` desc  [ RunTime:0.000374s ]
SQL: SHOW COLUMNS FROM `tb_director` [ RunTime:0.023099s ]
SQL: SELECT * FROM `tb_director` WHERE ( Did>=1 ) ORDER BY `Did` asc  [ RunTime:0.000388s ]
INFO: [ view_parse ] --START--
INFO: [ template_filter ] --START--
INFO: Run Behavior\ContentReplaceBehavior [ RunTime:0.000054s ]
INFO: [ template_filter ] --END-- [ RunTime:0.000110s ]
INFO: Run Behavior\ParseTemplateBehavior [ RunTime:0.006892s ]
INFO: [ view_parse ] --END-- [ RunTime:0.006965s ]
INFO: [ view_filter ] --START--
INFO: Run Behavior\WriteHtmlCacheBehavior [ RunTime:0.000266s ]
INFO: [ view_filter ] --END-- [ RunTime:0.000311s ]
INFO: [ app_end ] --START--
INFO: Run Behavior\ShowPageTraceBehavior [ RunTime:0.000556s ]
INFO: [ app_end ] --END-- [ RunTime:0.000615s ]

[ 2020-02-02T10:07:03+08:00 ] ::1 /test/culture3.0/index.php
INFO: [ app_init ] --START--
INFO: Run Behavior\BuildLiteBehavior [ RunTime:0.000013s ]
INFO: [ app_init ] --END-- [ RunTime:0.000277s ]
INFO: [ app_begin ] --START--
INFO: Run Behavior\ReadHtmlCacheBehavior [ RunTime:0.000636s ]
INFO: [ app_begin ] --END-- [ RunTime:0.000718s ]
SQL: SHOW COLUMNS FROM `tb_picture` [ RunTime:0.024684s ]
SQL: SELECT * FROM `tb_picture` WHERE `type` = 'slide'  [ RunTime:0.000979s ]
SQL: SHOW COLUMNS FROM `tb_notice` [ RunTime:0.011866s ]
NOTIC: [8] Undefined index: p D:\phpStudy\WWW\test\culture3.0\App\Home\Controller\IndexController.class.php 第 15 行.
NOTIC: [8] Undefined index: limit D:\phpStudy\WWW\test\culture3.0\ThinkPHP\Library\Think\Db.class.php 第 786 行.
SQL: SELECT * FROM `tb_notice` WHERE ( id>=1 ) ORDER BY `time` desc LIMIT 0,20   [ RunTime:0.000742s ]
SQL: SELECT COUNT(*) AS tp_count FROM `tb_notice` WHERE ( id>=1 ) LIMIT 1   [ RunTime:0.000389s ]
NOTIC: [2] Invalid argument supplied for foreach() D:\phpStudy\WWW\test\culture3.0\App\Home\Controller\IndexController.class.php 第 19 行.
SQL: SHOW COLUMNS FROM `tb_policy` [ RunTime:0.005688s ]
SQL: SELECT * FROM `tb_policy` WHERE ( id>=1 ) ORDER BY `time` desc  [ RunTime:0.000440s ]
SQL: SHOW COLUMNS FROM `tb_director` [ RunTime:0.006347s ]
SQL: SELECT * FROM `tb_director` WHERE ( Did>=1 ) ORDER BY `Did` asc  [ RunTime:0.000382s ]
INFO: [ view_parse ] --START--
INFO: [ template_filter ] --START--
INFO: Run Behavior\ContentReplaceBehavior [ RunTime:0.000055s ]
INFO: [ template_filter ] --END-- [ RunTime:0.000125s ]
INFO: Run Behavior\ParseTemplateBehavior [ RunTime:0.006668s ]
INFO: [ view_parse ] --END-- [ RunTime:0.006743s ]
INFO: [ view_filter ] --START--
INFO: Run Behavior\WriteHtmlCacheBehavior [ RunTime:0.000191s ]
INFO: [ view_filter ] --END-- [ RunTime:0.000232s ]
INFO: [ app_end ] --START--
INFO: Run Behavior\ShowPageTraceBehavior [ RunTime:0.000488s ]
INFO: [ app_end ] --END-- [ RunTime:0.000549s ]

[ 2020-02-02T10:07:26+08:00 ] ::1 /test/culture3.0/index.php
INFO: [ app_init ] --START--
INFO: Run Behavior\BuildLiteBehavior [ RunTime:0.000013s ]
INFO: [ app_init ] --END-- [ RunTime:0.000328s ]
INFO: [ app_begin ] --START--
INFO: Run Behavior\ReadHtmlCacheBehavior [ RunTime:0.000464s ]
INFO: [ app_begin ] --END-- [ RunTime:0.000516s ]
SQL: SHOW COLUMNS FROM `tb_picture` [ RunTime:0.019256s ]
SQL: SELECT * FROM `tb_picture` WHERE `type` = 'slide'  [ RunTime:0.000527s ]
SQL: SHOW COLUMNS FROM `tb_notice` [ RunTime:0.007437s ]
NOTIC: [8] Undefined index: p D:\phpStudy\WWW\test\culture3.0\App\Home\Controller\IndexController.class.php 第 15 行.
NOTIC: [8] Undefined index: limit D:\phpStudy\WWW\test\culture3.0\ThinkPHP\Library\Think\Db.class.php 第 786 行.
SQL: SELECT * FROM `tb_notice` WHERE ( id>=1 ) ORDER BY `time` desc LIMIT 0,20   [ RunTime:0.000521s ]
SQL: SELECT COUNT(*) AS tp_count FROM `tb_notice` WHERE ( id>=1 ) LIMIT 1   [ RunTime:0.000270s ]
NOTIC: [2] Invalid argument supplied for foreach() D:\phpStudy\WWW\test\culture3.0\App\Home\Controller\IndexController.class.php 第 19 行.
SQL: SHOW COLUMNS FROM `tb_policy` [ RunTime:0.005140s ]
SQL: SELECT * FROM `tb_policy` WHERE ( id>=1 ) ORDER BY `time` desc  [ RunTime:0.000390s ]
SQL: SHOW COLUMNS FROM `tb_director` [ RunTime:0.005896s ]
SQL: SELECT * FROM `tb_director` WHERE ( Did>=1 ) ORDER BY `Did` asc  [ RunTime:0.000383s ]
INFO: [ view_parse ] --START--
INFO: [ template_filter ] --START--
INFO: Run Behavior\ContentReplaceBehavior [ RunTime:0.000053s ]
INFO: [ template_filter ] --END-- [ RunTime:0.000108s ]
INFO: Run Behavior\ParseTemplateBehavior [ RunTime:0.006737s ]
INFO: [ view_parse ] --END-- [ RunTime:0.006809s ]
INFO: [ view_filter ] --START--
INFO: Run Behavior\WriteHtmlCacheBehavior [ RunTime:0.000268s ]
INFO: [ view_filter ] --END-- [ RunTime:0.000310s ]
INFO: [ app_end ] --START--
INFO: Run Behavior\ShowPageTraceBehavior [ RunTime:0.000550s ]
INFO: [ app_end ] --END-- [ RunTime:0.000605s ]

[ 2020-02-02T10:18:47+08:00 ] ::1 /test/culture3.0/index.php
INFO: [ app_init ] --START--
INFO: Run Behavior\BuildLiteBehavior [ RunTime:0.000014s ]
INFO: [ app_init ] --END-- [ RunTime:0.000335s ]
INFO: [ app_begin ] --START--
INFO: Run Behavior\ReadHtmlCacheBehavior [ RunTime:0.000479s ]
INFO: [ app_begin ] --END-- [ RunTime:0.000532s ]
SQL: SHOW COLUMNS FROM `tb_picture` [ RunTime:0.008910s ]
SQL: SELECT * FROM `tb_picture` WHERE `type` = 'slide'  [ RunTime:0.000430s ]
SQL: SHOW COLUMNS FROM `tb_notice` [ RunTime:0.005452s ]
NOTIC: [8] Undefined index: p D:\phpStudy\WWW\test\culture3.0\App\Home\Controller\IndexController.class.php 第 15 行.
NOTIC: [8] Undefined index: limit D:\phpStudy\WWW\test\culture3.0\ThinkPHP\Library\Think\Db.class.php 第 786 行.
SQL: SELECT * FROM `tb_notice` WHERE ( id>=1 ) ORDER BY `time` desc LIMIT 0,20   [ RunTime:0.000471s ]
SQL: SELECT COUNT(*) AS tp_count FROM `tb_notice` WHERE ( id>=1 ) LIMIT 1   [ RunTime:0.000245s ]
NOTIC: [2] Invalid argument supplied for foreach() D:\phpStudy\WWW\test\culture3.0\App\Home\Controller\IndexController.class.php 第 19 行.
SQL: SHOW COLUMNS FROM `tb_policy` [ RunTime:0.004670s ]
SQL: SELECT * FROM `tb_policy` WHERE ( id>=1 ) ORDER BY `time` desc  [ RunTime:0.000397s ]
SQL: SHOW COLUMNS FROM `tb_director` [ RunTime:0.005719s ]
SQL: SELECT * FROM `tb_director` WHERE ( Did>=1 ) ORDER BY `Did` asc  [ RunTime:0.000374s ]
INFO: [ view_parse ] --START--
INFO: [ template_filter ] --START--
INFO: Run Behavior\ContentReplaceBehavior [ RunTime:0.000057s ]
INFO: [ template_filter ] --END-- [ RunTime:0.000111s ]
INFO: Run Behavior\ParseTemplateBehavior [ RunTime:0.007353s ]
INFO: [ view_parse ] --END-- [ RunTime:0.007427s ]
INFO: [ view_filter ] --START--
INFO: Run Behavior\WriteHtmlCacheBehavior [ RunTime:0.000283s ]
INFO: [ view_filter ] --END-- [ RunTime:0.000326s ]
INFO: [ app_end ] --START--
INFO: Run Behavior\ShowPageTraceBehavior [ RunTime:0.000607s ]
INFO: [ app_end ] --END-- [ RunTime:0.000683s ]

[ 2020-02-02T10:22:11+08:00 ] ::1 /test/culture3.0/index.php
INFO: [ app_init ] --START--
INFO: Run Behavior\BuildLiteBehavior [ RunTime:0.000021s ]
INFO: [ app_init ] --END-- [ RunTime:0.000495s ]
INFO: [ app_begin ] --START--
INFO: Run Behavior\ReadHtmlCacheBehavior [ RunTime:0.000803s ]
INFO: [ app_begin ] --END-- [ RunTime:0.000904s ]
SQL: SHOW COLUMNS FROM `tb_picture` [ RunTime:0.017636s ]
SQL: SELECT * FROM `tb_picture` WHERE `type` = 'slide'  [ RunTime:0.000686s ]
SQL: SHOW COLUMNS FROM `tb_notice` [ RunTime:0.008066s ]
NOTIC: [8] Undefined index: p D:\phpStudy\WWW\test\culture3.0\App\Home\Controller\IndexController.class.php 第 15 行.
NOTIC: [8] Undefined index: limit D:\phpStudy\WWW\test\culture3.0\ThinkPHP\Library\Think\Db.class.php 第 786 行.
SQL: SELECT * FROM `tb_notice` WHERE ( id>=1 ) ORDER BY `time` desc LIMIT 0,20   [ RunTime:0.000611s ]
SQL: SELECT COUNT(*) AS tp_count FROM `tb_notice` WHERE ( id>=1 ) LIMIT 1   [ RunTime:0.000312s ]
NOTIC: [2] Invalid argument supplied for foreach() D:\phpStudy\WWW\test\culture3.0\App\Home\Controller\IndexController.class.php 第 19 行.
SQL: SHOW COLUMNS FROM `tb_policy` [ RunTime:0.005023s ]
SQL: SELECT * FROM `tb_policy` WHERE ( id>=1 ) ORDER BY `time` desc  [ RunTime:0.000383s ]
SQL: SHOW COLUMNS FROM `tb_director` [ RunTime:0.005265s ]
SQL: SELECT * FROM `tb_director` WHERE ( Did>=1 ) ORDER BY `Did` asc  [ RunTime:0.000391s ]
INFO: [ view_parse ] --START--
INFO: [ template_filter ] --START--
INFO: Run Behavior\ContentReplaceBehavior [ RunTime:0.000058s ]
INFO: [ template_filter ] --END-- [ RunTime:0.000115s ]
INFO: Run Behavior\ParseTemplateBehavior [ RunTime:0.007654s ]
INFO: [ view_parse ] --END-- [ RunTime:0.007730s ]
INFO: [ view_filter ] --START--
INFO: Run Behavior\WriteHtmlCacheBehavior [ RunTime:0.000269s ]
INFO: [ view_filter ] --END-- [ RunTime:0.000313s ]
INFO: [ app_end ] --START--
INFO: Run Behavior\ShowPageTraceBehavior [ RunTime:0.000616s ]
INFO: [ app_end ] --END-- [ RunTime:0.000675s ]

[ 2020-02-02T10:22:50+08:00 ] ::1 /test/culture3.0/index.php
INFO: [ app_init ] --START--
INFO: Run Behavior\BuildLiteBehavior [ RunTime:0.000013s ]
INFO: [ app_init ] --END-- [ RunTime:0.000281s ]
INFO: [ app_begin ] --START--
INFO: Run Behavior\ReadHtmlCacheBehavior [ RunTime:0.000369s ]
INFO: [ app_begin ] --END-- [ RunTime:0.000420s ]
SQL: SHOW COLUMNS FROM `tb_picture` [ RunTime:0.014112s ]
SQL: SELECT * FROM `tb_picture` WHERE `type` = 'slide'  [ RunTime:0.000634s ]
SQL: SHOW COLUMNS FROM `tb_notice` [ RunTime:0.009594s ]
NOTIC: [8] Undefined index: p D:\phpStudy\WWW\test\culture3.0\App\Home\Controller\IndexController.class.php 第 15 行.
NOTIC: [8] Undefined index: limit D:\phpStudy\WWW\test\culture3.0\ThinkPHP\Library\Think\Db.class.php 第 786 行.
SQL: SELECT * FROM `tb_notice` WHERE ( id>=1 ) ORDER BY `time` desc LIMIT 0,20   [ RunTime:0.000701s ]
SQL: SELECT COUNT(*) AS tp_count FROM `tb_notice` WHERE ( id>=1 ) LIMIT 1   [ RunTime:0.000469s ]
NOTIC: [2] Invalid argument supplied for foreach() D:\phpStudy\WWW\test\culture3.0\App\Home\Controller\IndexController.class.php 第 19 行.
SQL: SHOW COLUMNS FROM `tb_policy` [ RunTime:0.005889s ]
SQL: SELECT * FROM `tb_policy` WHERE ( id>=1 ) ORDER BY `time` desc  [ RunTime:0.000411s ]
SQL: SHOW COLUMNS FROM `tb_director` [ RunTime:0.006229s ]
SQL: SELECT * FROM `tb_director` WHERE ( Did>=1 ) ORDER BY `Did` asc  [ RunTime:0.000401s ]
INFO: [ view_parse ] --START--
INFO: [ template_filter ] --START--
INFO: Run Behavior\ContentReplaceBehavior [ RunTime:0.000057s ]
INFO: [ template_filter ] --END-- [ RunTime:0.000130s ]
INFO: Run Behavior\ParseTemplateBehavior [ RunTime:0.007172s ]
INFO: [ view_parse ] --END-- [ RunTime:0.007246s ]
INFO: [ view_filter ] --START--
INFO: Run Behavior\WriteHtmlCacheBehavior [ RunTime:0.000189s ]
INFO: [ view_filter ] --END-- [ RunTime:0.000230s ]
INFO: [ app_end ] --START--
INFO: Run Behavior\ShowPageTraceBehavior [ RunTime:0.000517s ]
INFO: [ app_end ] --END-- [ RunTime:0.000606s ]

[ 2020-02-02T10:23:18+08:00 ] ::1 /test/culture3.0/index.php
INFO: [ app_init ] --START--
INFO: Run Behavior\BuildLiteBehavior [ RunTime:0.000013s ]
INFO: [ app_init ] --END-- [ RunTime:0.000279s ]
INFO: [ app_begin ] --START--
INFO: Run Behavior\ReadHtmlCacheBehavior [ RunTime:0.000368s ]
INFO: [ app_begin ] --END-- [ RunTime:0.000419s ]
SQL: SHOW COLUMNS FROM `tb_picture` [ RunTime:0.059470s ]
SQL: SELECT * FROM `tb_picture` WHERE `type` = 'slide'  [ RunTime:0.000953s ]
SQL: SHOW COLUMNS FROM `tb_notice` [ RunTime:0.012850s ]
NOTIC: [8] Undefined index: p D:\phpStudy\WWW\test\culture3.0\App\Home\Controller\IndexController.class.php 第 15 行.
NOTIC: [8] Undefined index: limit D:\phpStudy\WWW\test\culture3.0\ThinkPHP\Library\Think\Db.class.php 第 786 行.
SQL: SELECT * FROM `tb_notice` WHERE ( id>=1 ) ORDER BY `time` desc LIMIT 0,20   [ RunTime:0.000787s ]
SQL: SELECT COUNT(*) AS tp_count FROM `tb_notice` WHERE ( id>=1 ) LIMIT 1   [ RunTime:0.000428s ]
NOTIC: [2] Invalid argument supplied for foreach() D:\phpStudy\WWW\test\culture3.0\App\Home\Controller\IndexController.class.php 第 19 行.
SQL: SHOW COLUMNS FROM `tb_policy` [ RunTime:0.236864s ]
SQL: SELECT * FROM `tb_policy` WHERE ( id>=1 ) ORDER BY `time` desc  [ RunTime:0.000375s ]
SQL: SHOW COLUMNS FROM `tb_director` [ RunTime:0.005877s ]
SQL: SELECT * FROM `tb_director` WHERE ( Did>=1 ) ORDER BY `Did` asc  [ RunTime:0.000373s ]
INFO: [ view_parse ] --START--
INFO: [ template_filter ] --START--
INFO: Run Behavior\ContentReplaceBehavior [ RunTime:0.000058s ]
INFO: [ template_filter ] --END-- [ RunTime:0.000116s ]
INFO: Run Behavior\ParseTemplateBehavior [ RunTime:0.007336s ]
INFO: [ view_parse ] --END-- [ RunTime:0.007408s ]
INFO: [ view_filter ] --START--
INFO: Run Behavior\WriteHtmlCacheBehavior [ RunTime:0.000190s ]
INFO: [ view_filter ] --END-- [ RunTime:0.000231s ]
INFO: [ app_end ] --START--
INFO: Run Behavior\ShowPageTraceBehavior [ RunTime:0.000483s ]
INFO: [ app_end ] --END-- [ RunTime:0.000539s ]

[ 2020-02-02T10:23:49+08:00 ] ::1 /test/culture3.0/index.php
INFO: [ app_init ] --START--
INFO: Run Behavior\BuildLiteBehavior [ RunTime:0.000013s ]
INFO: [ app_init ] --END-- [ RunTime:0.000321s ]
INFO: [ app_begin ] --START--
INFO: Run Behavior\ReadHtmlCacheBehavior [ RunTime:0.000518s ]
INFO: [ app_begin ] --END-- [ RunTime:0.000608s ]
SQL: SHOW COLUMNS FROM `tb_picture` [ RunTime:0.012259s ]
SQL: SELECT * FROM `tb_picture` WHERE `type` = 'slide'  [ RunTime:0.000674s ]
SQL: SHOW COLUMNS FROM `tb_notice` [ RunTime:0.009577s ]
NOTIC: [8] Undefined index: p D:\phpStudy\WWW\test\culture3.0\App\Home\Controller\IndexController.class.php 第 15 行.
NOTIC: [8] Undefined index: limit D:\phpStudy\WWW\test\culture3.0\ThinkPHP\Library\Think\Db.class.php 第 786 行.
SQL: SELECT * FROM `tb_notice` WHERE ( id>=1 ) ORDER BY `time` desc LIMIT 0,20   [ RunTime:0.000890s ]
SQL: SELECT COUNT(*) AS tp_count FROM `tb_notice` WHERE ( id>=1 ) LIMIT 1   [ RunTime:0.000459s ]
NOTIC: [2] Invalid argument supplied for foreach() D:\phpStudy\WWW\test\culture3.0\App\Home\Controller\IndexController.class.php 第 19 行.
SQL: SHOW COLUMNS FROM `tb_policy` [ RunTime:0.006612s ]
SQL: SELECT * FROM `tb_policy` WHERE ( id>=1 ) ORDER BY `time` desc  [ RunTime:0.000479s ]
SQL: SHOW COLUMNS FROM `tb_director` [ RunTime:0.006605s ]
SQL: SELECT * FROM `tb_director` WHERE ( Did>=1 ) ORDER BY `Did` asc  [ RunTime:0.000477s ]
INFO: [ view_parse ] --START--
INFO: [ template_filter ] --START--
INFO: Run Behavior\ContentReplaceBehavior [ RunTime:0.000056s ]
INFO: [ template_filter ] --END-- [ RunTime:0.000112s ]
INFO: Run Behavior\ParseTemplateBehavior [ RunTime:0.007985s ]
INFO: [ view_parse ] --END-- [ RunTime:0.008073s ]
INFO: [ view_filter ] --START--
INFO: Run Behavior\WriteHtmlCacheBehavior [ RunTime:0.000191s ]
INFO: [ view_filter ] --END-- [ RunTime:0.000232s ]
INFO: [ app_end ] --START--
INFO: Run Behavior\ShowPageTraceBehavior [ RunTime:0.000686s ]
INFO: [ app_end ] --END-- [ RunTime:0.000771s ]

[ 2020-02-02T10:24:02+08:00 ] ::1 /test/culture3.0/index.php
INFO: [ app_init ] --START--
INFO: Run Behavior\BuildLiteBehavior [ RunTime:0.000017s ]
INFO: [ app_init ] --END-- [ RunTime:0.000497s ]
INFO: [ app_begin ] --START--
INFO: Run Behavior\ReadHtmlCacheBehavior [ RunTime:0.000950s ]
INFO: [ app_begin ] --END-- [ RunTime:0.001107s ]
SQL: SHOW COLUMNS FROM `tb_picture` [ RunTime:0.009517s ]
SQL: SELECT * FROM `tb_picture` WHERE `type` = 'slide'  [ RunTime:0.000323s ]
SQL: SHOW COLUMNS FROM `tb_notice` [ RunTime:0.005699s ]
NOTIC: [8] Undefined index: p D:\phpStudy\WWW\test\culture3.0\App\Home\Controller\IndexController.class.php 第 15 行.
NOTIC: [8] Undefined index: limit D:\phpStudy\WWW\test\culture3.0\ThinkPHP\Library\Think\Db.class.php 第 786 行.
SQL: SELECT * FROM `tb_notice` WHERE ( id>=1 ) ORDER BY `time` desc LIMIT 0,20   [ RunTime:0.000445s ]
SQL: SELECT COUNT(*) AS tp_count FROM `tb_notice` WHERE ( id>=1 ) LIMIT 1   [ RunTime:0.000234s ]
NOTIC: [2] Invalid argument supplied for foreach() D:\phpStudy\WWW\test\culture3.0\App\Home\Controller\IndexController.class.php 第 19 行.
SQL: SHOW COLUMNS FROM `tb_policy` [ RunTime:0.004353s ]
SQL: SELECT * FROM `tb_policy` WHERE ( id>=1 ) ORDER BY `time` desc  [ RunTime:0.000409s ]
SQL: SHOW COLUMNS FROM `tb_director` [ RunTime:0.005823s ]
SQL: SELECT * FROM `tb_director` WHERE ( Did>=1 ) ORDER BY `Did` asc  [ RunTime:0.000349s ]
INFO: [ view_parse ] --START--
INFO: [ template_filter ] --START--
INFO: Run Behavior\ContentReplaceBehavior [ RunTime:0.000056s ]
INFO: [ template_filter ] --END-- [ RunTime:0.000111s ]
INFO: Run Behavior\ParseTemplateBehavior [ RunTime:0.006774s ]
INFO: [ view_parse ] --END-- [ RunTime:0.006846s ]
INFO: [ view_filter ] --START--
INFO: Run Behavior\WriteHtmlCacheBehavior [ RunTime:0.000186s ]
INFO: [ view_filter ] --END-- [ RunTime:0.000227s ]
INFO: [ app_end ] --START--
INFO: Run Behavior\ShowPageTraceBehavior [ RunTime:0.000480s ]
INFO: [ app_end ] --END-- [ RunTime:0.000537s ]

[ 2020-02-02T10:24:35+08:00 ] ::1 /test/culture3.0/index.php
INFO: [ app_init ] --START--
INFO: Run Behavior\BuildLiteBehavior [ RunTime:0.000013s ]
INFO: [ app_init ] --END-- [ RunTime:0.000313s ]
INFO: [ app_begin ] --START--
INFO: Run Behavior\ReadHtmlCacheBehavior [ RunTime:0.000691s ]
INFO: [ app_begin ] --END-- [ RunTime:0.000758s ]
SQL: SHOW COLUMNS FROM `tb_picture` [ RunTime:0.019871s ]
SQL: SELECT * FROM `tb_picture` WHERE `type` = 'slide'  [ RunTime:0.000971s ]
SQL: SHOW COLUMNS FROM `tb_notice` [ RunTime:0.014278s ]
NOTIC: [8] Undefined index: p D:\phpStudy\WWW\test\culture3.0\App\Home\Controller\IndexController.class.php 第 15 行.
NOTIC: [8] Undefined index: limit D:\phpStudy\WWW\test\culture3.0\ThinkPHP\Library\Think\Db.class.php 第 786 行.
SQL: SELECT * FROM `tb_notice` WHERE ( id>=1 ) ORDER BY `time` desc LIMIT 0,20   [ RunTime:0.000767s ]
SQL: SELECT COUNT(*) AS tp_count FROM `tb_notice` WHERE ( id>=1 ) LIMIT 1   [ RunTime:0.000395s ]
NOTIC: [2] Invalid argument supplied for foreach() D:\phpStudy\WWW\test\culture3.0\App\Home\Controller\IndexController.class.php 第 19 行.
SQL: SHOW COLUMNS FROM `tb_policy` [ RunTime:0.006267s ]
SQL: SELECT * FROM `tb_policy` WHERE ( id>=1 ) ORDER BY `time` desc  [ RunTime:0.000425s ]
SQL: SHOW COLUMNS FROM `tb_director` [ RunTime:0.006335s ]
SQL: SELECT * FROM `tb_director` WHERE ( Did>=1 ) ORDER BY `Did` asc  [ RunTime:0.000383s ]
INFO: [ view_parse ] --START--
INFO: [ template_filter ] --START--
INFO: Run Behavior\ContentReplaceBehavior [ RunTime:0.000057s ]
INFO: [ template_filter ] --END-- [ RunTime:0.000112s ]
INFO: Run Behavior\ParseTemplateBehavior [ RunTime:0.007455s ]
INFO: [ view_parse ] --END-- [ RunTime:0.007533s ]
INFO: [ view_filter ] --START--
INFO: Run Behavior\WriteHtmlCacheBehavior [ RunTime:0.000268s ]
INFO: [ view_filter ] --END-- [ RunTime:0.000311s ]
INFO: [ app_end ] --START--
INFO: Run Behavior\ShowPageTraceBehavior [ RunTime:0.000556s ]
INFO: [ app_end ] --END-- [ RunTime:0.000639s ]

[ 2020-02-02T10:25:20+08:00 ] ::1 /test/culture3.0/index.php
INFO: [ app_init ] --START--
INFO: Run Behavior\BuildLiteBehavior [ RunTime:0.000012s ]
INFO: [ app_init ] --END-- [ RunTime:0.000350s ]
INFO: [ app_begin ] --START--
INFO: Run Behavior\ReadHtmlCacheBehavior [ RunTime:0.000375s ]
INFO: [ app_begin ] --END-- [ RunTime:0.000427s ]
SQL: SHOW COLUMNS FROM `tb_picture` [ RunTime:0.005908s ]
SQL: SELECT * FROM `tb_picture` WHERE `type` = 'slide'  [ RunTime:0.000353s ]
SQL: SHOW COLUMNS FROM `tb_notice` [ RunTime:0.005669s ]
NOTIC: [8] Undefined index: p D:\phpStudy\WWW\test\culture3.0\App\Home\Controller\IndexController.class.php 第 15 行.
NOTIC: [8] Undefined index: limit D:\phpStudy\WWW\test\culture3.0\ThinkPHP\Library\Think\Db.class.php 第 786 行.
SQL: SELECT * FROM `tb_notice` WHERE ( id>=1 ) ORDER BY `time` desc LIMIT 0,20   [ RunTime:0.000445s ]
SQL: SELECT COUNT(*) AS tp_count FROM `tb_notice` WHERE ( id>=1 ) LIMIT 1   [ RunTime:0.000239s ]
NOTIC: [2] Invalid argument supplied for foreach() D:\phpStudy\WWW\test\culture3.0\App\Home\Controller\IndexController.class.php 第 19 行.
SQL: SHOW COLUMNS FROM `tb_policy` [ RunTime:0.004351s ]
SQL: SELECT * FROM `tb_policy` WHERE ( id>=1 ) ORDER BY `time` desc  [ RunTime:0.000381s ]
SQL: SHOW COLUMNS FROM `tb_director` [ RunTime:0.005694s ]
SQL: SELECT * FROM `tb_director` WHERE ( Did>=1 ) ORDER BY `Did` asc  [ RunTime:0.000362s ]
INFO: [ view_parse ] --START--
INFO: [ template_filter ] --START--
INFO: Run Behavior\ContentReplaceBehavior [ RunTime:0.000057s ]
INFO: [ template_filter ] --END-- [ RunTime:0.000111s ]
INFO: Run Behavior\ParseTemplateBehavior [ RunTime:0.006803s ]
INFO: [ view_parse ] --END-- [ RunTime:0.006876s ]
INFO: [ view_filter ] --START--
INFO: Run Behavior\WriteHtmlCacheBehavior [ RunTime:0.000187s ]
INFO: [ view_filter ] --END-- [ RunTime:0.000228s ]
INFO: [ app_end ] --START--
INFO: Run Behavior\ShowPageTraceBehavior [ RunTime:0.000477s ]
INFO: [ app_end ] --END-- [ RunTime:0.000534s ]

[ 2020-02-02T10:27:43+08:00 ] ::1 /test/culture3.0/index.php
INFO: [ app_init ] --START--
INFO: Run Behavior\BuildLiteBehavior [ RunTime:0.000013s ]
INFO: [ app_init ] --END-- [ RunTime:0.000321s ]
INFO: [ app_begin ] --START--
INFO: Run Behavior\ReadHtmlCacheBehavior [ RunTime:0.000469s ]
INFO: [ app_begin ] --END-- [ RunTime:0.000521s ]
SQL: SHOW COLUMNS FROM `tb_picture` [ RunTime:0.035467s ]
SQL: SELECT * FROM `tb_picture` WHERE `type` = 'slide'  [ RunTime:0.000468s ]
SQL: SHOW COLUMNS FROM `tb_notice` [ RunTime:0.007369s ]
NOTIC: [8] Undefined index: p D:\phpStudy\WWW\test\culture3.0\App\Home\Controller\IndexController.class.php 第 15 行.
NOTIC: [8] Undefined index: limit D:\phpStudy\WWW\test\culture3.0\ThinkPHP\Library\Think\Db.class.php 第 786 行.
SQL: SELECT * FROM `tb_notice` WHERE ( id>=1 ) ORDER BY `time` desc LIMIT 0,20   [ RunTime:0.000657s ]
SQL: SELECT COUNT(*) AS tp_count FROM `tb_notice` WHERE ( id>=1 ) LIMIT 1   [ RunTime:0.000342s ]
NOTIC: [2] Invalid argument supplied for foreach() D:\phpStudy\WWW\test\culture3.0\App\Home\Controller\IndexController.class.php 第 19 行.
SQL: SHOW COLUMNS FROM `tb_policy` [ RunTime:0.006149s ]
SQL: SELECT * FROM `tb_policy` WHERE ( id>=1 ) ORDER BY `time` desc  [ RunTime:0.000532s ]
SQL: SHOW COLUMNS FROM `tb_director` [ RunTime:0.007516s ]
SQL: SELECT * FROM `tb_director` WHERE ( Did>=1 ) ORDER BY `Did` asc  [ RunTime:0.000424s ]
INFO: [ view_parse ] --START--
INFO: [ template_filter ] --START--
INFO: Run Behavior\ContentReplaceBehavior [ RunTime:0.000065s ]
INFO: [ template_filter ] --END-- [ RunTime:0.000126s ]
INFO: Run Behavior\ParseTemplateBehavior [ RunTime:0.008574s ]
INFO: [ view_parse ] --END-- [ RunTime:0.008662s ]
INFO: [ view_filter ] --START--
INFO: Run Behavior\WriteHtmlCacheBehavior [ RunTime:0.000304s ]
INFO: [ view_filter ] --END-- [ RunTime:0.000352s ]
INFO: [ app_end ] --START--
INFO: Run Behavior\ShowPageTraceBehavior [ RunTime:0.000701s ]
INFO: [ app_end ] --END-- [ RunTime:0.000821s ]

[ 2020-02-02T10:28:02+08:00 ] ::1 /test/culture3.0/index.php
INFO: [ app_init ] --START--
INFO: Run Behavior\BuildLiteBehavior [ RunTime:0.000013s ]
INFO: [ app_init ] --END-- [ RunTime:0.000317s ]
INFO: [ app_begin ] --START--
INFO: Run Behavior\ReadHtmlCacheBehavior [ RunTime:0.000471s ]
INFO: [ app_begin ] --END-- [ RunTime:0.000524s ]
SQL: SHOW COLUMNS FROM `tb_picture` [ RunTime:0.009545s ]
SQL: SELECT * FROM `tb_picture` WHERE `type` = 'slide'  [ RunTime:0.000331s ]
SQL: SHOW COLUMNS FROM `tb_notice` [ RunTime:0.005621s ]
NOTIC: [8] Undefined index: p D:\phpStudy\WWW\test\culture3.0\App\Home\Controller\IndexController.class.php 第 15 行.
NOTIC: [8] Undefined index: limit D:\phpStudy\WWW\test\culture3.0\ThinkPHP\Library\Think\Db.class.php 第 786 行.
SQL: SELECT * FROM `tb_notice` WHERE ( id>=1 ) ORDER BY `time` desc LIMIT 0,20   [ RunTime:0.000442s ]
SQL: SELECT COUNT(*) AS tp_count FROM `tb_notice` WHERE ( id>=1 ) LIMIT 1   [ RunTime:0.000239s ]
NOTIC: [2] Invalid argument supplied for foreach() D:\phpStudy\WWW\test\culture3.0\App\Home\Controller\IndexController.class.php 第 19 行.
SQL: SHOW COLUMNS FROM `tb_policy` [ RunTime:0.004416s ]
SQL: SELECT * FROM `tb_policy` WHERE ( id>=1 ) ORDER BY `time` desc  [ RunTime:0.000370s ]
SQL: SHOW COLUMNS FROM `tb_director` [ RunTime:0.005654s ]
SQL: SELECT * FROM `tb_director` WHERE ( Did>=1 ) ORDER BY `Did` asc  [ RunTime:0.000450s ]
INFO: [ view_parse ] --START--
INFO: [ template_filter ] --START--
INFO: Run Behavior\ContentReplaceBehavior [ RunTime:0.000058s ]
INFO: [ template_filter ] --END-- [ RunTime:0.000119s ]
INFO: Run Behavior\ParseTemplateBehavior [ RunTime:0.008368s ]
INFO: [ view_parse ] --END-- [ RunTime:0.008462s ]
INFO: [ view_filter ] --START--
INFO: Run Behavior\WriteHtmlCacheBehavior [ RunTime:0.000267s ]
INFO: [ view_filter ] --END-- [ RunTime:0.000310s ]
INFO: [ app_end ] --START--
INFO: Run Behavior\ShowPageTraceBehavior [ RunTime:0.000565s ]
INFO: [ app_end ] --END-- [ RunTime:0.000622s ]

[ 2020-02-02T10:28:43+08:00 ] ::1 /test/culture3.0/index.php
INFO: [ app_init ] --START--
INFO: Run Behavior\BuildLiteBehavior [ RunTime:0.000013s ]
INFO: [ app_init ] --END-- [ RunTime:0.000280s ]
INFO: [ app_begin ] --START--
INFO: Run Behavior\ReadHtmlCacheBehavior [ RunTime:0.000368s ]
INFO: [ app_begin ] --END-- [ RunTime:0.000418s ]
SQL: SHOW COLUMNS FROM `tb_picture` [ RunTime:0.019303s ]
SQL: SELECT * FROM `tb_picture` WHERE `type` = 'slide'  [ RunTime:0.000975s ]
SQL: SHOW COLUMNS FROM `tb_notice` [ RunTime:0.012868s ]
NOTIC: [8] Undefined index: p D:\phpStudy\WWW\test\culture3.0\App\Home\Controller\IndexController.class.php 第 15 行.
NOTIC: [8] Undefined index: limit D:\phpStudy\WWW\test\culture3.0\ThinkPHP\Library\Think\Db.class.php 第 786 行.
SQL: SELECT * FROM `tb_notice` WHERE ( id>=1 ) ORDER BY `time` desc LIMIT 0,20   [ RunTime:0.000752s ]
SQL: SELECT COUNT(*) AS tp_count FROM `tb_notice` WHERE ( id>=1 ) LIMIT 1   [ RunTime:0.000391s ]
NOTIC: [2] Invalid argument supplied for foreach() D:\phpStudy\WWW\test\culture3.0\App\Home\Controller\IndexController.class.php 第 19 行.
SQL: SHOW COLUMNS FROM `tb_policy` [ RunTime:0.006315s ]
SQL: SELECT * FROM `tb_policy` WHERE ( id>=1 ) ORDER BY `time` desc  [ RunTime:0.000426s ]
SQL: SHOW COLUMNS FROM `tb_director` [ RunTime:0.006232s ]
SQL: SELECT * FROM `tb_director` WHERE ( Did>=1 ) ORDER BY `Did` asc  [ RunTime:0.000394s ]
INFO: [ view_parse ] --START--
INFO: [ template_filter ] --START--
INFO: Run Behavior\ContentReplaceBehavior [ RunTime:0.000057s ]
INFO: [ template_filter ] --END-- [ RunTime:0.000114s ]
INFO: Run Behavior\ParseTemplateBehavior [ RunTime:0.007150s ]
INFO: [ view_parse ] --END-- [ RunTime:0.007224s ]
INFO: [ view_filter ] --START--
INFO: Run Behavior\WriteHtmlCacheBehavior [ RunTime:0.000195s ]
INFO: [ view_filter ] --END-- [ RunTime:0.000237s ]
INFO: [ app_end ] --START--
INFO: Run Behavior\ShowPageTraceBehavior [ RunTime:0.000500s ]
INFO: [ app_end ] --END-- [ RunTime:0.000564s ]

[ 2020-02-02T10:28:59+08:00 ] ::1 /test/culture3.0/index.php
INFO: [ app_init ] --START--
INFO: Run Behavior\BuildLiteBehavior [ RunTime:0.000012s ]
INFO: [ app_init ] --END-- [ RunTime:0.000279s ]
INFO: [ app_begin ] --START--
INFO: Run Behavior\ReadHtmlCacheBehavior [ RunTime:0.000372s ]
INFO: [ app_begin ] --END-- [ RunTime:0.000423s ]
SQL: SHOW COLUMNS FROM `tb_picture` [ RunTime:0.019029s ]
SQL: SELECT * FROM `tb_picture` WHERE `type` = 'slide'  [ RunTime:0.000979s ]
SQL: SHOW COLUMNS FROM `tb_notice` [ RunTime:0.011981s ]
NOTIC: [8] Undefined index: p D:\phpStudy\WWW\test\culture3.0\App\Home\Controller\IndexController.class.php 第 15 行.
NOTIC: [8] Undefined index: limit D:\phpStudy\WWW\test\culture3.0\ThinkPHP\Library\Think\Db.class.php 第 786 行.
SQL: SELECT * FROM `tb_notice` WHERE ( id>=1 ) ORDER BY `time` desc LIMIT 0,20   [ RunTime:0.000743s ]
SQL: SELECT COUNT(*) AS tp_count FROM `tb_notice` WHERE ( id>=1 ) LIMIT 1   [ RunTime:0.000392s ]
NOTIC: [2] Invalid argument supplied for foreach() D:\phpStudy\WWW\test\culture3.0\App\Home\Controller\IndexController.class.php 第 19 行.
SQL: SHOW COLUMNS FROM `tb_policy` [ RunTime:0.006198s ]
SQL: SELECT * FROM `tb_policy` WHERE ( id>=1 ) ORDER BY `time` desc  [ RunTime:0.000429s ]
SQL: SHOW COLUMNS FROM `tb_director` [ RunTime:0.006200s ]
SQL: SELECT * FROM `tb_director` WHERE ( Did>=1 ) ORDER BY `Did` asc  [ RunTime:0.000389s ]
INFO: [ view_parse ] --START--
INFO: [ template_filter ] --START--
INFO: Run Behavior\ContentReplaceBehavior [ RunTime:0.000056s ]
INFO: [ template_filter ] --END-- [ RunTime:0.000111s ]
INFO: Run Behavior\ParseTemplateBehavior [ RunTime:0.007382s ]
INFO: [ view_parse ] --END-- [ RunTime:0.007464s ]
INFO: [ view_filter ] --START--
INFO: Run Behavior\WriteHtmlCacheBehavior [ RunTime:0.000226s ]
INFO: [ view_filter ] --END-- [ RunTime:0.000270s ]
INFO: [ app_end ] --START--
INFO: Run Behavior\ShowPageTraceBehavior [ RunTime:0.000612s ]
INFO: [ app_end ] --END-- [ RunTime:0.000688s ]

[ 2020-02-02T10:30:39+08:00 ] ::1 /test/culture3.0/index.php
INFO: [ app_init ] --START--
INFO: Run Behavior\BuildLiteBehavior [ RunTime:0.000012s ]
INFO: [ app_init ] --END-- [ RunTime:0.000322s ]
INFO: [ app_begin ] --START--
INFO: Run Behavior\ReadHtmlCacheBehavior [ RunTime:0.000466s ]
INFO: [ app_begin ] --END-- [ RunTime:0.000518s ]
SQL: SHOW COLUMNS FROM `tb_picture` [ RunTime:0.018424s ]
SQL: SELECT * FROM `tb_picture` WHERE `type` = 'slide'  [ RunTime:0.000951s ]
SQL: SHOW COLUMNS FROM `tb_notice` [ RunTime:0.018029s ]
NOTIC: [8] Undefined index: p D:\phpStudy\WWW\test\culture3.0\App\Home\Controller\IndexController.class.php 第 15 行.
NOTIC: [8] Undefined index: limit D:\phpStudy\WWW\test\culture3.0\ThinkPHP\Library\Think\Db.class.php 第 786 行.
SQL: SELECT * FROM `tb_notice` WHERE ( id>=1 ) ORDER BY `time` desc LIMIT 0,20   [ RunTime:0.000746s ]
SQL: SELECT COUNT(*) AS tp_count FROM `tb_notice` WHERE ( id>=1 ) LIMIT 1   [ RunTime:0.000328s ]
NOTIC: [2] Invalid argument supplied for foreach() D:\phpStudy\WWW\test\culture3.0\App\Home\Controller\IndexController.class.php 第 19 行.
SQL: SHOW COLUMNS FROM `tb_policy` [ RunTime:0.005185s ]
SQL: SELECT * FROM `tb_policy` WHERE ( id>=1 ) ORDER BY `time` desc  [ RunTime:0.000444s ]
SQL: SHOW COLUMNS FROM `tb_director` [ RunTime:0.005799s ]
SQL: SELECT * FROM `tb_director` WHERE ( Did>=1 ) ORDER BY `Did` asc  [ RunTime:0.000398s ]
INFO: [ view_parse ] --START--
INFO: [ template_filter ] --START--
INFO: Run Behavior\ContentReplaceBehavior [ RunTime:0.000057s ]
INFO: [ template_filter ] --END-- [ RunTime:0.000113s ]
INFO: Run Behavior\ParseTemplateBehavior [ RunTime:0.009793s ]
INFO: [ view_parse ] --END-- [ RunTime:0.009895s ]
INFO: [ view_filter ] --START--
INFO: Run Behavior\WriteHtmlCacheBehavior [ RunTime:0.000326s ]
INFO: [ view_filter ] --END-- [ RunTime:0.000374s ]
INFO: [ app_end ] --START--
INFO: Run Behavior\ShowPageTraceBehavior [ RunTime:0.000651s ]
INFO: [ app_end ] --END-- [ RunTime:0.000747s ]

[ 2020-02-02T10:31:45+08:00 ] ::1 /test/culture3.0/index.php
INFO: [ app_init ] --START--
INFO: Run Behavior\BuildLiteBehavior [ RunTime:0.000013s ]
INFO: [ app_init ] --END-- [ RunTime:0.000314s ]
INFO: [ app_begin ] --START--
INFO: Run Behavior\ReadHtmlCacheBehavior [ RunTime:0.000589s ]
INFO: [ app_begin ] --END-- [ RunTime:0.000656s ]
SQL: SHOW COLUMNS FROM `tb_picture` [ RunTime:0.015175s ]
SQL: SELECT * FROM `tb_picture` WHERE `type` = 'slide'  [ RunTime:0.000997s ]
SQL: SHOW COLUMNS FROM `tb_notice` [ RunTime:0.010247s ]
NOTIC: [8] Undefined index: p D:\phpStudy\WWW\test\culture3.0\App\Home\Controller\IndexController.class.php 第 15 行.
NOTIC: [8] Undefined index: limit D:\phpStudy\WWW\test\culture3.0\ThinkPHP\Library\Think\Db.class.php 第 786 行.
SQL: SELECT * FROM `tb_notice` WHERE ( id>=1 ) ORDER BY `time` desc LIMIT 0,20   [ RunTime:0.000733s ]
SQL: SELECT COUNT(*) AS tp_count FROM `tb_notice` WHERE ( id>=1 ) LIMIT 1   [ RunTime:0.000318s ]
NOTIC: [2] Invalid argument supplied for foreach() D:\phpStudy\WWW\test\culture3.0\App\Home\Controller\IndexController.class.php 第 19 行.
SQL: SHOW COLUMNS FROM `tb_policy` [ RunTime:0.005485s ]
SQL: SELECT * FROM `tb_policy` WHERE ( id>=1 ) ORDER BY `time` desc  [ RunTime:0.000428s ]
SQL: SHOW COLUMNS FROM `tb_director` [ RunTime:0.015027s ]
SQL: SELECT * FROM `tb_director` WHERE ( Did>=1 ) ORDER BY `Did` asc  [ RunTime:0.000358s ]
INFO: [ view_parse ] --START--
INFO: [ template_filter ] --START--
INFO: Run Behavior\ContentReplaceBehavior [ RunTime:0.000060s ]
INFO: [ template_filter ] --END-- [ RunTime:0.000123s ]
INFO: Run Behavior\ParseTemplateBehavior [ RunTime:0.007978s ]
INFO: [ view_parse ] --END-- [ RunTime:0.008056s ]
INFO: [ view_filter ] --START--
INFO: Run Behavior\WriteHtmlCacheBehavior [ RunTime:0.000272s ]
INFO: [ view_filter ] --END-- [ RunTime:0.000314s ]
INFO: [ app_end ] --START--
INFO: Run Behavior\ShowPageTraceBehavior [ RunTime:0.000558s ]
INFO: [ app_end ] --END-- [ RunTime:0.000615s ]

[ 2020-02-02T10:32:13+08:00 ] ::1 /test/culture3.0/index.php
INFO: [ app_init ] --START--
INFO: Run Behavior\BuildLiteBehavior [ RunTime:0.000017s ]
INFO: [ app_init ] --END-- [ RunTime:0.000483s ]
INFO: [ app_begin ] --START--
INFO: Run Behavior\ReadHtmlCacheBehavior [ RunTime:0.000478s ]
INFO: [ app_begin ] --END-- [ RunTime:0.000568s ]
SQL: SHOW COLUMNS FROM `tb_picture` [ RunTime:0.019945s ]
SQL: SELECT * FROM `tb_picture` WHERE `type` = 'slide'  [ RunTime:0.000964s ]
SQL: SHOW COLUMNS FROM `tb_notice` [ RunTime:0.009403s ]
NOTIC: [8] Undefined index: p D:\phpStudy\WWW\test\culture3.0\App\Home\Controller\IndexController.class.php 第 15 行.
NOTIC: [8] Undefined index: limit D:\phpStudy\WWW\test\culture3.0\ThinkPHP\Library\Think\Db.class.php 第 786 行.
SQL: SELECT * FROM `tb_notice` WHERE ( id>=1 ) ORDER BY `time` desc LIMIT 0,20   [ RunTime:0.000608s ]
SQL: SELECT COUNT(*) AS tp_count FROM `tb_notice` WHERE ( id>=1 ) LIMIT 1   [ RunTime:0.000307s ]
NOTIC: [2] Invalid argument supplied for foreach() D:\phpStudy\WWW\test\culture3.0\App\Home\Controller\IndexController.class.php 第 19 行.
SQL: SHOW COLUMNS FROM `tb_policy` [ RunTime:0.005526s ]
SQL: SELECT * FROM `tb_policy` WHERE ( id>=1 ) ORDER BY `time` desc  [ RunTime:0.000424s ]
SQL: SHOW COLUMNS FROM `tb_director` [ RunTime:0.006121s ]
SQL: SELECT * FROM `tb_director` WHERE ( Did>=1 ) ORDER BY `Did` asc  [ RunTime:0.000382s ]
INFO: [ view_parse ] --START--
INFO: [ template_filter ] --START--
INFO: Run Behavior\ContentReplaceBehavior [ RunTime:0.000056s ]
INFO: [ template_filter ] --END-- [ RunTime:0.000110s ]
INFO: Run Behavior\ParseTemplateBehavior [ RunTime:0.006827s ]
INFO: [ view_parse ] --END-- [ RunTime:0.006899s ]
INFO: [ view_filter ] --START--
INFO: Run Behavior\WriteHtmlCacheBehavior [ RunTime:0.000190s ]
INFO: [ view_filter ] --END-- [ RunTime:0.000230s ]
INFO: [ app_end ] --START--
INFO: Run Behavior\ShowPageTraceBehavior [ RunTime:0.000479s ]
INFO: [ app_end ] --END-- [ RunTime:0.000535s ]

[ 2020-02-02T10:33:13+08:00 ] ::1 /test/culture3.0/index.php
INFO: [ app_init ] --START--
INFO: Run Behavior\BuildLiteBehavior [ RunTime:0.000013s ]
INFO: [ app_init ] --END-- [ RunTime:0.000324s ]
INFO: [ app_begin ] --START--
INFO: Run Behavior\ReadHtmlCacheBehavior [ RunTime:0.000465s ]
INFO: [ app_begin ] --END-- [ RunTime:0.000517s ]
SQL: SHOW COLUMNS FROM `tb_picture` [ RunTime:0.018926s ]
SQL: SELECT * FROM `tb_picture` WHERE `type` = 'slide'  [ RunTime:0.000968s ]
SQL: SHOW COLUMNS FROM `tb_notice` [ RunTime:0.126123s ]
NOTIC: [8] Undefined index: p D:\phpStudy\WWW\test\culture3.0\App\Home\Controller\IndexController.class.php 第 15 行.
NOTIC: [8] Undefined index: limit D:\phpStudy\WWW\test\culture3.0\ThinkPHP\Library\Think\Db.class.php 第 786 行.
SQL: SELECT * FROM `tb_notice` WHERE ( id>=1 ) ORDER BY `time` desc LIMIT 0,20   [ RunTime:0.001412s ]
SQL: SELECT COUNT(*) AS tp_count FROM `tb_notice` WHERE ( id>=1 ) LIMIT 1   [ RunTime:0.000839s ]
NOTIC: [2] Invalid argument supplied for foreach() D:\phpStudy\WWW\test\culture3.0\App\Home\Controller\IndexController.class.php 第 19 行.
SQL: SHOW COLUMNS FROM `tb_policy` [ RunTime:0.014476s ]
SQL: SELECT * FROM `tb_policy` WHERE ( id>=1 ) ORDER BY `time` desc  [ RunTime:0.000785s ]
SQL: SHOW COLUMNS FROM `tb_director` [ RunTime:0.008286s ]
SQL: SELECT * FROM `tb_director` WHERE ( Did>=1 ) ORDER BY `Did` asc  [ RunTime:0.000510s ]
INFO: [ view_parse ] --START--
INFO: [ template_filter ] --START--
INFO: Run Behavior\ContentReplaceBehavior [ RunTime:0.000063s ]
INFO: [ template_filter ] --END-- [ RunTime:0.000128s ]
INFO: Run Behavior\ParseTemplateBehavior [ RunTime:0.009780s ]
INFO: [ view_parse ] --END-- [ RunTime:0.009878s ]
INFO: [ view_filter ] --START--
INFO: Run Behavior\WriteHtmlCacheBehavior [ RunTime:0.000304s ]
INFO: [ view_filter ] --END-- [ RunTime:0.000351s ]
INFO: [ app_end ] --START--
INFO: Run Behavior\ShowPageTraceBehavior [ RunTime:0.000660s ]
INFO: [ app_end ] --END-- [ RunTime:0.000749s ]

[ 2020-02-02T10:56:46+08:00 ] ::1 /test/culture3.0/index.php
INFO: [ app_init ] --START--
INFO: Run Behavior\BuildLiteBehavior [ RunTime:0.000013s ]
INFO: [ app_init ] --END-- [ RunTime:0.000322s ]
INFO: [ app_begin ] --START--
INFO: Run Behavior\ReadHtmlCacheBehavior [ RunTime:0.000520s ]
INFO: [ app_begin ] --END-- [ RunTime:0.000574s ]
SQL: SHOW COLUMNS FROM `tb_picture` [ RunTime:0.015572s ]
SQL: SELECT * FROM `tb_picture` WHERE `type` = 'slide'  [ RunTime:0.000567s ]
SQL: SHOW COLUMNS FROM `tb_notice` [ RunTime:0.008429s ]
NOTIC: [8] Undefined index: p D:\phpStudy\WWW\test\culture3.0\App\Home\Controller\IndexController.class.php 第 15 行.
NOTIC: [8] Undefined index: limit D:\phpStudy\WWW\test\culture3.0\ThinkPHP\Library\Think\Db.class.php 第 786 行.
SQL: SELECT * FROM `tb_notice` WHERE ( id>=1 ) ORDER BY `time` desc LIMIT 0,20   [ RunTime:0.000573s ]
SQL: SELECT COUNT(*) AS tp_count FROM `tb_notice` WHERE ( id>=1 ) LIMIT 1   [ RunTime:0.000279s ]
NOTIC: [2] Invalid argument supplied for foreach() D:\phpStudy\WWW\test\culture3.0\App\Home\Controller\IndexController.class.php 第 19 行.
SQL: SHOW COLUMNS FROM `tb_policy` [ RunTime:0.004977s ]
SQL: SELECT * FROM `tb_policy` WHERE ( id>=1 ) ORDER BY `time` desc  [ RunTime:0.000462s ]
SQL: SHOW COLUMNS FROM `tb_director` [ RunTime:0.005997s ]
SQL: SELECT * FROM `tb_director` WHERE ( Did>=1 ) ORDER BY `Did` asc  [ RunTime:0.000412s ]
INFO: [ view_parse ] --START--
INFO: [ template_filter ] --START--
INFO: Run Behavior\ContentReplaceBehavior [ RunTime:0.000059s ]
INFO: [ template_filter ] --END-- [ RunTime:0.000121s ]
INFO: Run Behavior\ParseTemplateBehavior [ RunTime:0.007895s ]
INFO: [ view_parse ] --END-- [ RunTime:0.007983s ]
INFO: [ view_filter ] --START--
INFO: Run Behavior\WriteHtmlCacheBehavior [ RunTime:0.000323s ]
INFO: [ view_filter ] --END-- [ RunTime:0.000370s ]
INFO: [ app_end ] --START--
INFO: Run Behavior\ShowPageTraceBehavior [ RunTime:0.000569s ]
INFO: [ app_end ] --END-- [ RunTime:0.000627s ]

[ 2020-02-02T11:27:17+08:00 ] ::1 /test/culture3.0/index.php
INFO: [ app_init ] --START--
INFO: Run Behavior\BuildLiteBehavior [ RunTime:0.000016s ]
INFO: [ app_init ] --END-- [ RunTime:0.000392s ]
INFO: [ app_begin ] --START--
INFO: Run Behavior\ReadHtmlCacheBehavior [ RunTime:0.000511s ]
INFO: [ app_begin ] --END-- [ RunTime:0.000573s ]
SQL: SHOW COLUMNS FROM `tb_picture` [ RunTime:0.009238s ]
SQL: SELECT * FROM `tb_picture` WHERE `type` = 'slide'  [ RunTime:0.000305s ]
SQL: SHOW COLUMNS FROM `tb_notice` [ RunTime:0.005113s ]
NOTIC: [8] Undefined index: p D:\phpStudy\WWW\test\culture3.0\App\Home\Controller\IndexController.class.php 第 15 行.
NOTIC: [8] Undefined index: limit D:\phpStudy\WWW\test\culture3.0\ThinkPHP\Library\Think\Db.class.php 第 786 行.
SQL: SELECT * FROM `tb_notice` WHERE ( id>=1 ) ORDER BY `time` desc LIMIT 0,20   [ RunTime:0.000499s ]
SQL: SELECT COUNT(*) AS tp_count FROM `tb_notice` WHERE ( id>=1 ) LIMIT 1   [ RunTime:0.000231s ]
NOTIC: [2] Invalid argument supplied for foreach() D:\phpStudy\WWW\test\culture3.0\App\Home\Controller\IndexController.class.php 第 19 行.
SQL: SHOW COLUMNS FROM `tb_policy` [ RunTime:0.004758s ]
SQL: SELECT * FROM `tb_policy` WHERE ( id>=1 ) ORDER BY `time` desc  [ RunTime:0.000458s ]
SQL: SHOW COLUMNS FROM `tb_director` [ RunTime:0.005975s ]
SQL: SELECT * FROM `tb_director` WHERE ( Did>=1 ) ORDER BY `Did` asc  [ RunTime:0.000413s ]
INFO: [ view_parse ] --START--
INFO: [ template_filter ] --START--
INFO: Run Behavior\ContentReplaceBehavior [ RunTime:0.000058s ]
INFO: [ template_filter ] --END-- [ RunTime:0.000114s ]
INFO: Run Behavior\ParseTemplateBehavior [ RunTime:0.008202s ]
INFO: [ view_parse ] --END-- [ RunTime:0.008282s ]
INFO: [ view_filter ] --START--
INFO: Run Behavior\WriteHtmlCacheBehavior [ RunTime:0.000306s ]
INFO: [ view_filter ] --END-- [ RunTime:0.000349s ]
INFO: [ app_end ] --START--
INFO: Run Behavior\ShowPageTraceBehavior [ RunTime:0.000587s ]
INFO: [ app_end ] --END-- [ RunTime:0.000652s ]

