[ 2020-01-26T16:49:26+08:00 ] ::1 /test/culture3.0/index.php
INFO: [ app_init ] --START--
INFO: Run Behavior\BuildLiteBehavior [ RunTime:0.000020s ]
INFO: [ app_init ] --END-- [ RunTime:0.093156s ]
INFO: [ app_begin ] --START--
INFO: Run Behavior\ReadHtmlCacheBehavior [ RunTime:0.025422s ]
INFO: [ app_begin ] --END-- [ RunTime:0.025500s ]
INFO: [ view_parse ] --START--
INFO: [ template_filter ] --START--
INFO: Run Behavior\ContentReplaceBehavior [ RunTime:0.000048s ]
INFO: [ template_filter ] --END-- [ RunTime:0.000115s ]
INFO: Run Behavior\ParseTemplateBehavior [ RunTime:0.695080s ]
INFO: [ view_parse ] --END-- [ RunTime:0.695206s ]
INFO: [ view_filter ] --START--
INFO: Run Behavior\WriteHtmlCacheBehavior [ RunTime:0.033373s ]
INFO: [ view_filter ] --END-- [ RunTime:0.033455s ]
INFO: [ app_end ] --START--
INFO: Run Behavior\ShowPageTraceBehavior [ RunTime:0.048928s ]
INFO: [ app_end ] --END-- [ RunTime:0.049085s ]

[ 2020-01-26T16:52:20+08:00 ] ::1 /test/culture3.0/index.php
INFO: [ app_init ] --START--
INFO: Run Behavior\BuildLiteBehavior [ RunTime:0.000022s ]
INFO: [ app_init ] --END-- [ RunTime:0.000564s ]
INFO: [ app_begin ] --START--
INFO: Run Behavior\ReadHtmlCacheBehavior [ RunTime:0.000826s ]
INFO: [ app_begin ] --END-- [ RunTime:0.000969s ]
SQL: SHOW COLUMNS FROM `tb_picture` [ RunTime:0.208108s ]
SQL: SELECT * FROM `tb_picture` WHERE `type` = 'slide'  [ RunTime:0.028212s ]
SQL: SHOW COLUMNS FROM `tb_notice` [ RunTime:0.111130s ]
NOTIC: [8] Undefined index: p D:\phpStudy\WWW\test\culture3.0\App\Home\Controller\IndexController.class.php 第 15 行.
NOTIC: [8] Undefined index: limit D:\phpStudy\WWW\test\culture3.0\ThinkPHP\Library\Think\Db.class.php 第 786 行.
SQL: SELECT * FROM `tb_notice` WHERE ( id>=1 ) ORDER BY `time` desc LIMIT 0,20   [ RunTime:0.035486s ]
SQL: SELECT COUNT(*) AS tp_count FROM `tb_notice` WHERE ( id>=1 ) LIMIT 1   [ RunTime:0.009525s ]
NOTIC: [2] Invalid argument supplied for foreach() D:\phpStudy\WWW\test\culture3.0\App\Home\Controller\IndexController.class.php 第 19 行.
SQL: SHOW COLUMNS FROM `tb_policy` [ RunTime:0.079285s ]
SQL: SELECT * FROM `tb_policy` WHERE ( id>=1 ) ORDER BY `time` desc  [ RunTime:0.000425s ]
INFO: [ view_parse ] --START--
INFO: [ template_filter ] --START--
INFO: Run Behavior\ContentReplaceBehavior [ RunTime:0.000061s ]
INFO: [ template_filter ] --END-- [ RunTime:0.000120s ]
INFO: Run Behavior\ParseTemplateBehavior [ RunTime:0.150350s ]
INFO: [ view_parse ] --END-- [ RunTime:0.150449s ]
INFO: [ view_filter ] --START--
INFO: Run Behavior\WriteHtmlCacheBehavior [ RunTime:0.000361s ]
INFO: [ view_filter ] --END-- [ RunTime:0.000409s ]
INFO: [ app_end ] --START--
INFO: Run Behavior\ShowPageTraceBehavior [ RunTime:0.000690s ]
INFO: [ app_end ] --END-- [ RunTime:0.000750s ]

