[ 2020-03-17T20:46:03+08:00 ] ::1 /test/culture3.0/index.php?_ijt=1sue9aqb6ota9qpebc0a8fltj
INFO: [ app_init ] --START--
INFO: Run Behavior\BuildLiteBehavior [ RunTime:0.000021s ]
INFO: [ app_init ] --END-- [ RunTime:0.114829s ]
INFO: [ app_begin ] --START--
INFO: Run Behavior\ReadHtmlCacheBehavior [ RunTime:0.027526s ]
INFO: [ app_begin ] --END-- [ RunTime:0.027607s ]
SQL: SHOW COLUMNS FROM `tb_picture` [ RunTime:0.267044s ]
ERR: 1146:Table 'db_culture.tb_picture' doesn't exist
 [ SQL语句 ] : SHOW COLUMNS FROM `tb_picture`
SQL: SELECT * FROM `tb_picture` WHERE `type` = 'slide'  [ RunTime:0.038275s ]
ERR: 1146:Table 'db_culture.tb_picture' doesn't exist
 [ SQL语句 ] : SELECT * FROM `tb_picture` WHERE `type` = 'slide' 
SQL: SHOW COLUMNS FROM `tb_notice` [ RunTime:0.781962s ]
SQL: SELECT COUNT(*) AS tp_count FROM `tb_notice` WHERE ( id>=1 ) LIMIT 1   [ RunTime:0.322700s ]
SQL: SELECT * FROM `tb_notice` WHERE ( id>=1 ) ORDER BY `time` desc LIMIT 0,10   [ RunTime:0.001335s ]
SQL: SHOW COLUMNS FROM `tb_policy` [ RunTime:0.500719s ]
SQL: SELECT * FROM `tb_policy` WHERE ( id>=1 ) ORDER BY `time` desc  [ RunTime:0.000630s ]
SQL: SHOW COLUMNS FROM `tb_director` [ RunTime:0.567549s ]
SQL: SELECT * FROM `tb_director` WHERE ( Did>=1 ) ORDER BY `Did` asc  [ RunTime:0.002439s ]
SQL: SHOW COLUMNS FROM `tb_dynamic` [ RunTime:0.100572s ]
SQL: SELECT * FROM `tb_dynamic` WHERE ( id>=1 ) ORDER BY `time` desc  [ RunTime:0.000552s ]
SQL: SHOW COLUMNS FROM `tb_inheritor` [ RunTime:0.324686s ]
SQL: SELECT * FROM `tb_inheritor` WHERE ( id=1 ) LIMIT 1   [ RunTime:0.000509s ]
SQL: SHOW COLUMNS FROM `tb_country` [ RunTime:0.115267s ]
SQL: SELECT * FROM `tb_country` WHERE ( id>=1 ) ORDER BY `id` asc  [ RunTime:0.000471s ]
INFO: [ view_parse ] --START--
INFO: [ template_filter ] --START--
INFO: Run Behavior\ContentReplaceBehavior [ RunTime:0.000073s ]
INFO: [ template_filter ] --END-- [ RunTime:0.000130s ]
INFO: Run Behavior\ParseTemplateBehavior [ RunTime:0.773298s ]
INFO: [ view_parse ] --END-- [ RunTime:0.773398s ]
INFO: [ view_filter ] --START--
INFO: Run Behavior\WriteHtmlCacheBehavior [ RunTime:0.068282s ]
INFO: [ view_filter ] --END-- [ RunTime:0.068379s ]
INFO: [ app_end ] --START--
INFO: Run Behavior\ShowPageTraceBehavior [ RunTime:0.021462s ]
INFO: [ app_end ] --END-- [ RunTime:0.021555s ]

[ 2020-03-17T20:47:18+08:00 ] ::1 /test/culture3.0/Resource/director.html
INFO: [ app_init ] --START--
INFO: Run Behavior\BuildLiteBehavior [ RunTime:0.000013s ]
INFO: [ app_init ] --END-- [ RunTime:0.000299s ]
INFO: [ app_begin ] --START--
INFO: Run Behavior\ReadHtmlCacheBehavior [ RunTime:0.000383s ]
INFO: [ app_begin ] --END-- [ RunTime:0.000435s ]
INFO: [ view_parse ] --START--
INFO: [ template_filter ] --START--
INFO: Run Behavior\ContentReplaceBehavior [ RunTime:0.000056s ]
INFO: [ template_filter ] --END-- [ RunTime:0.000117s ]
INFO: Run Behavior\ParseTemplateBehavior [ RunTime:0.098085s ]
INFO: [ view_parse ] --END-- [ RunTime:0.098177s ]
INFO: [ view_filter ] --START--
INFO: Run Behavior\WriteHtmlCacheBehavior [ RunTime:0.000274s ]
INFO: [ view_filter ] --END-- [ RunTime:0.000324s ]
INFO: [ app_end ] --START--
INFO: Run Behavior\ShowPageTraceBehavior [ RunTime:0.000500s ]
INFO: [ app_end ] --END-- [ RunTime:0.000549s ]

[ 2020-03-17T20:52:04+08:00 ] ::1 /test/culture3.0/Resource/director.html
INFO: [ app_init ] --START--
INFO: Run Behavior\BuildLiteBehavior [ RunTime:0.000014s ]
INFO: [ app_init ] --END-- [ RunTime:0.000322s ]
INFO: [ app_begin ] --START--
INFO: Run Behavior\ReadHtmlCacheBehavior [ RunTime:0.000470s ]
INFO: [ app_begin ] --END-- [ RunTime:0.000522s ]
INFO: [ view_parse ] --START--
INFO: [ template_filter ] --START--
INFO: Run Behavior\ContentReplaceBehavior [ RunTime:0.000054s ]
INFO: [ template_filter ] --END-- [ RunTime:0.000115s ]
INFO: Run Behavior\ParseTemplateBehavior [ RunTime:0.231525s ]
INFO: [ view_parse ] --END-- [ RunTime:0.231647s ]
INFO: [ view_filter ] --START--
INFO: Run Behavior\WriteHtmlCacheBehavior [ RunTime:0.000532s ]
INFO: [ view_filter ] --END-- [ RunTime:0.000640s ]
INFO: [ app_end ] --START--
INFO: Run Behavior\ShowPageTraceBehavior [ RunTime:0.000996s ]
INFO: [ app_end ] --END-- [ RunTime:0.001118s ]

[ 2020-03-17T20:52:41+08:00 ] ::1 /test/culture3.0/Resource/director.html
INFO: [ app_init ] --START--
INFO: Run Behavior\BuildLiteBehavior [ RunTime:0.000014s ]
INFO: [ app_init ] --END-- [ RunTime:0.000330s ]
INFO: [ app_begin ] --START--
INFO: Run Behavior\ReadHtmlCacheBehavior [ RunTime:0.000475s ]
INFO: [ app_begin ] --END-- [ RunTime:0.000530s ]
INFO: [ view_parse ] --START--
INFO: [ template_filter ] --START--
INFO: Run Behavior\ContentReplaceBehavior [ RunTime:0.000110s ]
INFO: [ template_filter ] --END-- [ RunTime:0.000238s ]
INFO: Run Behavior\ParseTemplateBehavior [ RunTime:0.012203s ]
INFO: [ view_parse ] --END-- [ RunTime:0.012299s ]
INFO: [ view_filter ] --START--
INFO: Run Behavior\WriteHtmlCacheBehavior [ RunTime:0.000440s ]
INFO: [ view_filter ] --END-- [ RunTime:0.000530s ]
INFO: [ app_end ] --START--
INFO: Run Behavior\ShowPageTraceBehavior [ RunTime:0.000850s ]
INFO: [ app_end ] --END-- [ RunTime:0.000948s ]

[ 2020-03-17T20:55:11+08:00 ] ::1 /test/culture3.0/Resource/director.html
INFO: [ app_init ] --START--
INFO: Run Behavior\BuildLiteBehavior [ RunTime:0.000014s ]
INFO: [ app_init ] --END-- [ RunTime:0.000336s ]
INFO: [ app_begin ] --START--
INFO: Run Behavior\ReadHtmlCacheBehavior [ RunTime:0.000471s ]
INFO: [ app_begin ] --END-- [ RunTime:0.000524s ]
INFO: [ view_parse ] --START--
INFO: [ template_filter ] --START--
INFO: Run Behavior\ContentReplaceBehavior [ RunTime:0.000055s ]
INFO: [ template_filter ] --END-- [ RunTime:0.000109s ]
INFO: Run Behavior\ParseTemplateBehavior [ RunTime:0.006651s ]
INFO: [ view_parse ] --END-- [ RunTime:0.006711s ]
INFO: [ view_filter ] --START--
INFO: Run Behavior\WriteHtmlCacheBehavior [ RunTime:0.000416s ]
INFO: [ view_filter ] --END-- [ RunTime:0.000478s ]
INFO: [ app_end ] --START--
INFO: Run Behavior\ShowPageTraceBehavior [ RunTime:0.000830s ]
INFO: [ app_end ] --END-- [ RunTime:0.000968s ]

[ 2020-03-17T20:55:27+08:00 ] ::1 /test/culture3.0/Resource/director.html
INFO: [ app_init ] --START--
INFO: Run Behavior\BuildLiteBehavior [ RunTime:0.000015s ]
INFO: [ app_init ] --END-- [ RunTime:0.000467s ]
INFO: [ app_begin ] --START--
INFO: Run Behavior\ReadHtmlCacheBehavior [ RunTime:0.000801s ]
INFO: [ app_begin ] --END-- [ RunTime:0.000914s ]
INFO: [ view_parse ] --START--
INFO: [ template_filter ] --START--
INFO: Run Behavior\ContentReplaceBehavior [ RunTime:0.000083s ]
INFO: [ template_filter ] --END-- [ RunTime:0.000178s ]
INFO: Run Behavior\ParseTemplateBehavior [ RunTime:0.012627s ]
INFO: [ view_parse ] --END-- [ RunTime:0.012718s ]
INFO: [ view_filter ] --START--
INFO: Run Behavior\WriteHtmlCacheBehavior [ RunTime:0.000529s ]
INFO: [ view_filter ] --END-- [ RunTime:0.000610s ]
INFO: [ app_end ] --START--
INFO: Run Behavior\ShowPageTraceBehavior [ RunTime:0.000574s ]
INFO: [ app_end ] --END-- [ RunTime:0.000633s ]

[ 2020-03-17T20:56:03+08:00 ] ::1 /test/culture3.0/Resource/director.html
INFO: [ app_init ] --START--
INFO: Run Behavior\BuildLiteBehavior [ RunTime:0.000014s ]
INFO: [ app_init ] --END-- [ RunTime:0.000419s ]
INFO: [ app_begin ] --START--
INFO: Run Behavior\ReadHtmlCacheBehavior [ RunTime:0.000482s ]
INFO: [ app_begin ] --END-- [ RunTime:0.000573s ]
INFO: [ view_parse ] --START--
INFO: [ template_filter ] --START--
INFO: Run Behavior\ContentReplaceBehavior [ RunTime:0.000104s ]
INFO: [ template_filter ] --END-- [ RunTime:0.000225s ]
INFO: Run Behavior\ParseTemplateBehavior [ RunTime:0.010048s ]
INFO: [ view_parse ] --END-- [ RunTime:0.010170s ]
INFO: [ view_filter ] --START--
INFO: Run Behavior\WriteHtmlCacheBehavior [ RunTime:0.000274s ]
INFO: [ view_filter ] --END-- [ RunTime:0.000322s ]
INFO: [ app_end ] --START--
INFO: Run Behavior\ShowPageTraceBehavior [ RunTime:0.000638s ]
INFO: [ app_end ] --END-- [ RunTime:0.000723s ]

[ 2020-03-17T21:00:53+08:00 ] ::1 /test/culture3.0/Resource/director.html
INFO: [ app_init ] --START--
INFO: Run Behavior\BuildLiteBehavior [ RunTime:0.000013s ]
INFO: [ app_init ] --END-- [ RunTime:0.000340s ]
INFO: [ app_begin ] --START--
INFO: Run Behavior\ReadHtmlCacheBehavior [ RunTime:0.000483s ]
INFO: [ app_begin ] --END-- [ RunTime:0.000537s ]
INFO: [ view_parse ] --START--
INFO: [ template_filter ] --START--
INFO: Run Behavior\ContentReplaceBehavior [ RunTime:0.000113s ]
INFO: [ template_filter ] --END-- [ RunTime:0.000255s ]
INFO: Run Behavior\ParseTemplateBehavior [ RunTime:0.011491s ]
INFO: [ view_parse ] --END-- [ RunTime:0.011573s ]
INFO: [ view_filter ] --START--
INFO: Run Behavior\WriteHtmlCacheBehavior [ RunTime:0.000447s ]
INFO: [ view_filter ] --END-- [ RunTime:0.000543s ]
INFO: [ app_end ] --START--
INFO: Run Behavior\ShowPageTraceBehavior [ RunTime:0.000844s ]
INFO: [ app_end ] --END-- [ RunTime:0.000941s ]

[ 2020-03-17T21:03:06+08:00 ] ::1 /test/culture3.0/Resource/director.html
INFO: [ app_init ] --START--
INFO: Run Behavior\BuildLiteBehavior [ RunTime:0.000014s ]
INFO: [ app_init ] --END-- [ RunTime:0.000334s ]
INFO: [ app_begin ] --START--
INFO: Run Behavior\ReadHtmlCacheBehavior [ RunTime:0.000545s ]
INFO: [ app_begin ] --END-- [ RunTime:0.000600s ]
INFO: [ view_parse ] --START--
INFO: [ template_filter ] --START--
INFO: Run Behavior\ContentReplaceBehavior [ RunTime:0.000055s ]
INFO: [ template_filter ] --END-- [ RunTime:0.000111s ]
INFO: Run Behavior\ParseTemplateBehavior [ RunTime:0.033325s ]
INFO: [ view_parse ] --END-- [ RunTime:0.033405s ]
INFO: [ view_filter ] --START--
INFO: Run Behavior\WriteHtmlCacheBehavior [ RunTime:0.000276s ]
INFO: [ view_filter ] --END-- [ RunTime:0.000319s ]
INFO: [ app_end ] --START--
INFO: Run Behavior\ShowPageTraceBehavior [ RunTime:0.000457s ]
INFO: [ app_end ] --END-- [ RunTime:0.000503s ]

[ 2020-03-17T21:05:06+08:00 ] ::1 /test/culture3.0/Resource/director.html
INFO: [ app_init ] --START--
INFO: Run Behavior\BuildLiteBehavior [ RunTime:0.000013s ]
INFO: [ app_init ] --END-- [ RunTime:0.000320s ]
INFO: [ app_begin ] --START--
INFO: Run Behavior\ReadHtmlCacheBehavior [ RunTime:0.001064s ]
INFO: [ app_begin ] --END-- [ RunTime:0.001250s ]
INFO: [ view_parse ] --START--
INFO: [ template_filter ] --START--
INFO: Run Behavior\ContentReplaceBehavior [ RunTime:0.000055s ]
INFO: [ template_filter ] --END-- [ RunTime:0.000111s ]
INFO: Run Behavior\ParseTemplateBehavior [ RunTime:0.032448s ]
INFO: [ view_parse ] --END-- [ RunTime:0.032525s ]
INFO: [ view_filter ] --START--
INFO: Run Behavior\WriteHtmlCacheBehavior [ RunTime:0.000303s ]
INFO: [ view_filter ] --END-- [ RunTime:0.000347s ]
INFO: [ app_end ] --START--
INFO: Run Behavior\ShowPageTraceBehavior [ RunTime:0.000463s ]
INFO: [ app_end ] --END-- [ RunTime:0.000511s ]

[ 2020-03-17T21:06:27+08:00 ] ::1 /test/culture3.0/Resource/director.html
INFO: [ app_init ] --START--
INFO: Run Behavior\BuildLiteBehavior [ RunTime:0.000012s ]
INFO: [ app_init ] --END-- [ RunTime:0.000320s ]
INFO: [ app_begin ] --START--
INFO: Run Behavior\ReadHtmlCacheBehavior [ RunTime:0.000464s ]
INFO: [ app_begin ] --END-- [ RunTime:0.000516s ]
INFO: [ view_parse ] --START--
INFO: [ template_filter ] --START--
INFO: Run Behavior\ContentReplaceBehavior [ RunTime:0.000055s ]
INFO: [ template_filter ] --END-- [ RunTime:0.000113s ]
INFO: Run Behavior\ParseTemplateBehavior [ RunTime:0.007279s ]
INFO: [ view_parse ] --END-- [ RunTime:0.007345s ]
INFO: [ view_filter ] --START--
INFO: Run Behavior\WriteHtmlCacheBehavior [ RunTime:0.000277s ]
INFO: [ view_filter ] --END-- [ RunTime:0.000321s ]
INFO: [ app_end ] --START--
INFO: Run Behavior\ShowPageTraceBehavior [ RunTime:0.000454s ]
INFO: [ app_end ] --END-- [ RunTime:0.000500s ]

[ 2020-03-17T21:06:50+08:00 ] ::1 /test/culture3.0/Resource/director.html
INFO: [ app_init ] --START--
INFO: Run Behavior\BuildLiteBehavior [ RunTime:0.000013s ]
INFO: [ app_init ] --END-- [ RunTime:0.000281s ]
INFO: [ app_begin ] --START--
INFO: Run Behavior\ReadHtmlCacheBehavior [ RunTime:0.000373s ]
INFO: [ app_begin ] --END-- [ RunTime:0.000424s ]
INFO: [ view_parse ] --START--
INFO: [ template_filter ] --START--
INFO: Run Behavior\ContentReplaceBehavior [ RunTime:0.000057s ]
INFO: [ template_filter ] --END-- [ RunTime:0.000120s ]
INFO: Run Behavior\ParseTemplateBehavior [ RunTime:0.044916s ]
INFO: [ view_parse ] --END-- [ RunTime:0.045162s ]
INFO: [ view_filter ] --START--
INFO: Run Behavior\WriteHtmlCacheBehavior [ RunTime:0.000203s ]
INFO: [ view_filter ] --END-- [ RunTime:0.000247s ]
INFO: [ app_end ] --START--
INFO: Run Behavior\ShowPageTraceBehavior [ RunTime:0.000392s ]
INFO: [ app_end ] --END-- [ RunTime:0.000439s ]

[ 2020-03-17T21:07:17+08:00 ] ::1 /test/culture3.0/Resource/director.html
INFO: [ app_init ] --START--
INFO: Run Behavior\BuildLiteBehavior [ RunTime:0.000022s ]
INFO: [ app_init ] --END-- [ RunTime:0.000352s ]
INFO: [ app_begin ] --START--
INFO: Run Behavior\ReadHtmlCacheBehavior [ RunTime:0.000451s ]
INFO: [ app_begin ] --END-- [ RunTime:0.000523s ]
INFO: [ view_parse ] --START--
INFO: [ template_filter ] --START--
INFO: Run Behavior\ContentReplaceBehavior [ RunTime:0.000091s ]
INFO: [ template_filter ] --END-- [ RunTime:0.000188s ]
INFO: Run Behavior\ParseTemplateBehavior [ RunTime:0.009445s ]
INFO: [ view_parse ] --END-- [ RunTime:0.009542s ]
INFO: [ view_filter ] --START--
INFO: Run Behavior\WriteHtmlCacheBehavior [ RunTime:0.000336s ]
INFO: [ view_filter ] --END-- [ RunTime:0.000409s ]
INFO: [ app_end ] --START--
INFO: Run Behavior\ShowPageTraceBehavior [ RunTime:0.000716s ]
INFO: [ app_end ] --END-- [ RunTime:0.000859s ]

[ 2020-03-17T21:08:29+08:00 ] ::1 /test/culture3.0/Resource/director.html
INFO: [ app_init ] --START--
INFO: Run Behavior\BuildLiteBehavior [ RunTime:0.000013s ]
INFO: [ app_init ] --END-- [ RunTime:0.000319s ]
INFO: [ app_begin ] --START--
INFO: Run Behavior\ReadHtmlCacheBehavior [ RunTime:0.000602s ]
INFO: [ app_begin ] --END-- [ RunTime:0.000670s ]
INFO: [ view_parse ] --START--
INFO: [ template_filter ] --START--
INFO: Run Behavior\ContentReplaceBehavior [ RunTime:0.000056s ]
INFO: [ template_filter ] --END-- [ RunTime:0.000116s ]
INFO: Run Behavior\ParseTemplateBehavior [ RunTime:0.273048s ]
INFO: [ view_parse ] --END-- [ RunTime:0.273112s ]
INFO: [ view_filter ] --START--
INFO: Run Behavior\WriteHtmlCacheBehavior [ RunTime:0.000308s ]
INFO: [ view_filter ] --END-- [ RunTime:0.000350s ]
INFO: [ app_end ] --START--
INFO: Run Behavior\ShowPageTraceBehavior [ RunTime:0.000460s ]
INFO: [ app_end ] --END-- [ RunTime:0.000507s ]

[ 2020-03-17T21:13:39+08:00 ] ::1 /test/culture3.0/index.php?_ijt=3mm0d9huasaufc5nmf5hb4oe5u
INFO: [ app_init ] --START--
INFO: Run Behavior\BuildLiteBehavior [ RunTime:0.000065s ]
INFO: [ app_init ] --END-- [ RunTime:0.108845s ]
INFO: [ app_begin ] --START--
INFO: Run Behavior\ReadHtmlCacheBehavior [ RunTime:0.016413s ]
INFO: [ app_begin ] --END-- [ RunTime:0.016663s ]
SQL: SHOW COLUMNS FROM `tb_picture` [ RunTime:0.239164s ]
ERR: 1146:Table 'db_culture.tb_picture' doesn't exist
 [ SQL语句 ] : SHOW COLUMNS FROM `tb_picture`
SQL: SELECT * FROM `tb_picture` WHERE `type` = 'slide'  [ RunTime:0.009028s ]
ERR: 1146:Table 'db_culture.tb_picture' doesn't exist
 [ SQL语句 ] : SELECT * FROM `tb_picture` WHERE `type` = 'slide' 
SQL: SHOW COLUMNS FROM `tb_notice` [ RunTime:0.039903s ]
SQL: SELECT COUNT(*) AS tp_count FROM `tb_notice` WHERE ( id>=1 ) LIMIT 1   [ RunTime:0.001120s ]
SQL: SELECT * FROM `tb_notice` WHERE ( id>=1 ) ORDER BY `time` desc LIMIT 0,10   [ RunTime:0.063637s ]
SQL: SHOW COLUMNS FROM `tb_policy` [ RunTime:0.081617s ]
SQL: SELECT * FROM `tb_policy` WHERE ( id>=1 ) ORDER BY `time` desc  [ RunTime:0.026435s ]
SQL: SHOW COLUMNS FROM `tb_director` [ RunTime:0.148705s ]
SQL: SELECT * FROM `tb_director` WHERE ( Did>=1 ) ORDER BY `Did` asc  [ RunTime:0.030157s ]
SQL: SHOW COLUMNS FROM `tb_dynamic` [ RunTime:0.281105s ]
SQL: SELECT * FROM `tb_dynamic` WHERE ( id>=1 ) ORDER BY `time` desc  [ RunTime:0.012892s ]
SQL: SHOW COLUMNS FROM `tb_inheritor` [ RunTime:0.216164s ]
SQL: SELECT * FROM `tb_inheritor` WHERE ( id=1 ) LIMIT 1   [ RunTime:0.076476s ]
SQL: SHOW COLUMNS FROM `tb_country` [ RunTime:0.163442s ]
SQL: SELECT * FROM `tb_country` WHERE ( id>=1 ) ORDER BY `id` asc  [ RunTime:0.045239s ]
INFO: [ view_parse ] --START--
INFO: [ template_filter ] --START--
INFO: Run Behavior\ContentReplaceBehavior [ RunTime:0.000120s ]
INFO: [ template_filter ] --END-- [ RunTime:0.000214s ]
INFO: Run Behavior\ParseTemplateBehavior [ RunTime:0.395947s ]
INFO: [ view_parse ] --END-- [ RunTime:0.396081s ]
INFO: [ view_filter ] --START--
INFO: Run Behavior\WriteHtmlCacheBehavior [ RunTime:0.015158s ]
INFO: [ view_filter ] --END-- [ RunTime:0.015218s ]
INFO: [ app_end ] --START--
INFO: Run Behavior\ShowPageTraceBehavior [ RunTime:0.000921s ]
INFO: [ app_end ] --END-- [ RunTime:0.000990s ]

[ 2020-03-17T21:14:00+08:00 ] ::1 /test/culture3.0/Resource/director.html
INFO: [ app_init ] --START--
INFO: Run Behavior\BuildLiteBehavior [ RunTime:0.000015s ]
INFO: [ app_init ] --END-- [ RunTime:0.000340s ]
INFO: [ app_begin ] --START--
INFO: Run Behavior\ReadHtmlCacheBehavior [ RunTime:0.000500s ]
INFO: [ app_begin ] --END-- [ RunTime:0.000556s ]
INFO: [ view_parse ] --START--
INFO: [ template_filter ] --START--
INFO: Run Behavior\ContentReplaceBehavior [ RunTime:0.000056s ]
INFO: [ template_filter ] --END-- [ RunTime:0.000116s ]
INFO: Run Behavior\ParseTemplateBehavior [ RunTime:0.034750s ]
INFO: [ view_parse ] --END-- [ RunTime:0.034834s ]
INFO: [ view_filter ] --START--
INFO: Run Behavior\WriteHtmlCacheBehavior [ RunTime:0.000501s ]
INFO: [ view_filter ] --END-- [ RunTime:0.000584s ]
INFO: [ app_end ] --START--
INFO: Run Behavior\ShowPageTraceBehavior [ RunTime:0.001002s ]
INFO: [ app_end ] --END-- [ RunTime:0.001117s ]

[ 2020-03-17T21:49:54+08:00 ] ::1 /test/culture3.0/Resource/director.html
INFO: [ app_init ] --START--
INFO: Run Behavior\BuildLiteBehavior [ RunTime:0.000040s ]
INFO: [ app_init ] --END-- [ RunTime:0.082158s ]
INFO: [ app_begin ] --START--
INFO: Run Behavior\ReadHtmlCacheBehavior [ RunTime:0.013231s ]
INFO: [ app_begin ] --END-- [ RunTime:0.013397s ]
INFO: [ view_parse ] --START--
INFO: [ template_filter ] --START--
INFO: Run Behavior\ContentReplaceBehavior [ RunTime:0.000147s ]
INFO: [ template_filter ] --END-- [ RunTime:0.000291s ]
INFO: Run Behavior\ParseTemplateBehavior [ RunTime:0.579339s ]
INFO: [ view_parse ] --END-- [ RunTime:0.579512s ]
INFO: [ view_filter ] --START--
INFO: Run Behavior\WriteHtmlCacheBehavior [ RunTime:0.011976s ]
INFO: [ view_filter ] --END-- [ RunTime:0.012048s ]
INFO: [ app_end ] --START--
INFO: Run Behavior\ShowPageTraceBehavior [ RunTime:0.014096s ]
INFO: [ app_end ] --END-- [ RunTime:0.014358s ]

[ 2020-03-17T21:50:21+08:00 ] ::1 /test/culture3.0/Resource/director.html
INFO: [ app_init ] --START--
INFO: Run Behavior\BuildLiteBehavior [ RunTime:0.000016s ]
INFO: [ app_init ] --END-- [ RunTime:0.000397s ]
INFO: [ app_begin ] --START--
INFO: Run Behavior\ReadHtmlCacheBehavior [ RunTime:0.000518s ]
INFO: [ app_begin ] --END-- [ RunTime:0.000585s ]
INFO: [ view_parse ] --START--
INFO: [ template_filter ] --START--
INFO: Run Behavior\ContentReplaceBehavior [ RunTime:0.000057s ]
INFO: [ template_filter ] --END-- [ RunTime:0.000114s ]
INFO: Run Behavior\ParseTemplateBehavior [ RunTime:0.032159s ]
INFO: [ view_parse ] --END-- [ RunTime:0.032225s ]
INFO: [ view_filter ] --START--
INFO: Run Behavior\WriteHtmlCacheBehavior [ RunTime:0.000291s ]
INFO: [ view_filter ] --END-- [ RunTime:0.000335s ]
INFO: [ app_end ] --START--
INFO: Run Behavior\ShowPageTraceBehavior [ RunTime:0.000657s ]
INFO: [ app_end ] --END-- [ RunTime:0.000717s ]

[ 2020-03-17T21:55:39+08:00 ] ::1 /test/culture3.0/Resource/director.html
INFO: [ app_init ] --START--
INFO: Run Behavior\BuildLiteBehavior [ RunTime:0.000018s ]
INFO: [ app_init ] --END-- [ RunTime:0.030598s ]
INFO: [ app_begin ] --START--
INFO: Run Behavior\ReadHtmlCacheBehavior [ RunTime:0.032434s ]
INFO: [ app_begin ] --END-- [ RunTime:0.032664s ]
INFO: [ view_parse ] --START--
INFO: [ template_filter ] --START--
INFO: Run Behavior\ContentReplaceBehavior [ RunTime:0.000064s ]
INFO: [ template_filter ] --END-- [ RunTime:0.000130s ]
INFO: Run Behavior\ParseTemplateBehavior [ RunTime:0.423495s ]
INFO: [ view_parse ] --END-- [ RunTime:0.423623s ]
INFO: [ view_filter ] --START--
INFO: Run Behavior\WriteHtmlCacheBehavior [ RunTime:0.013494s ]
INFO: [ view_filter ] --END-- [ RunTime:0.013620s ]
INFO: [ app_end ] --START--
INFO: Run Behavior\ShowPageTraceBehavior [ RunTime:0.011728s ]
INFO: [ app_end ] --END-- [ RunTime:0.011859s ]

[ 2020-03-17T21:58:15+08:00 ] ::1 /test/culture3.0/Resource/director.html
INFO: [ app_init ] --START--
INFO: Run Behavior\BuildLiteBehavior [ RunTime:0.000013s ]
INFO: [ app_init ] --END-- [ RunTime:0.000318s ]
INFO: [ app_begin ] --START--
INFO: Run Behavior\ReadHtmlCacheBehavior [ RunTime:0.000478s ]
INFO: [ app_begin ] --END-- [ RunTime:0.000531s ]
INFO: [ view_parse ] --START--
INFO: [ template_filter ] --START--
INFO: Run Behavior\ContentReplaceBehavior [ RunTime:0.000058s ]
INFO: [ template_filter ] --END-- [ RunTime:0.000117s ]
INFO: Run Behavior\ParseTemplateBehavior [ RunTime:0.034137s ]
INFO: [ view_parse ] --END-- [ RunTime:0.034201s ]
INFO: [ view_filter ] --START--
INFO: Run Behavior\WriteHtmlCacheBehavior [ RunTime:0.000289s ]
INFO: [ view_filter ] --END-- [ RunTime:0.000332s ]
INFO: [ app_end ] --START--
INFO: Run Behavior\ShowPageTraceBehavior [ RunTime:0.000459s ]
INFO: [ app_end ] --END-- [ RunTime:0.000507s ]

[ 2020-03-17T22:12:35+08:00 ] ::1 /test/culture3.0/index.php?_ijt=agl8a5v5chic34k9lkei1nt2oc
INFO: [ app_init ] --START--
INFO: Run Behavior\BuildLiteBehavior [ RunTime:0.000014s ]
INFO: [ app_init ] --END-- [ RunTime:0.000331s ]
INFO: [ app_begin ] --START--
INFO: Run Behavior\ReadHtmlCacheBehavior [ RunTime:0.000482s ]
INFO: [ app_begin ] --END-- [ RunTime:0.000536s ]
SQL: SHOW COLUMNS FROM `tb_picture` [ RunTime:0.233095s ]
ERR: 1146:Table 'db_culture.tb_picture' doesn't exist
 [ SQL语句 ] : SHOW COLUMNS FROM `tb_picture`
SQL: SELECT * FROM `tb_picture` WHERE `type` = 'slide'  [ RunTime:0.002146s ]
ERR: 1146:Table 'db_culture.tb_picture' doesn't exist
 [ SQL语句 ] : SELECT * FROM `tb_picture` WHERE `type` = 'slide' 
SQL: SHOW COLUMNS FROM `tb_notice` [ RunTime:0.069133s ]
SQL: SELECT COUNT(*) AS tp_count FROM `tb_notice` WHERE ( id>=1 ) LIMIT 1   [ RunTime:0.078469s ]
SQL: SELECT * FROM `tb_notice` WHERE ( id>=1 ) ORDER BY `time` desc LIMIT 0,10   [ RunTime:0.013686s ]
SQL: SHOW COLUMNS FROM `tb_policy` [ RunTime:0.070821s ]
SQL: SELECT * FROM `tb_policy` WHERE ( id>=1 ) ORDER BY `time` desc  [ RunTime:0.036066s ]
SQL: SHOW COLUMNS FROM `tb_director` [ RunTime:0.038739s ]
SQL: SELECT * FROM `tb_director` WHERE ( Did>=1 ) ORDER BY `Did` asc  [ RunTime:0.017664s ]
SQL: SHOW COLUMNS FROM `tb_dynamic` [ RunTime:0.026972s ]
SQL: SELECT * FROM `tb_dynamic` WHERE ( id>=1 ) ORDER BY `time` desc  [ RunTime:0.006627s ]
SQL: SHOW COLUMNS FROM `tb_inheritor` [ RunTime:0.027401s ]
SQL: SELECT * FROM `tb_inheritor` WHERE ( id=1 ) LIMIT 1   [ RunTime:0.009165s ]
SQL: SHOW COLUMNS FROM `tb_country` [ RunTime:0.051431s ]
SQL: SELECT * FROM `tb_country` WHERE ( id>=1 ) ORDER BY `id` asc  [ RunTime:0.036705s ]
INFO: [ view_parse ] --START--
INFO: [ template_filter ] --START--
INFO: Run Behavior\ContentReplaceBehavior [ RunTime:0.000113s ]
INFO: [ template_filter ] --END-- [ RunTime:0.000222s ]
INFO: Run Behavior\ParseTemplateBehavior [ RunTime:0.196551s ]
INFO: [ view_parse ] --END-- [ RunTime:0.196651s ]
INFO: [ view_filter ] --START--
INFO: Run Behavior\WriteHtmlCacheBehavior [ RunTime:0.000327s ]
INFO: [ view_filter ] --END-- [ RunTime:0.000374s ]
INFO: [ app_end ] --START--
INFO: Run Behavior\ShowPageTraceBehavior [ RunTime:0.000964s ]
INFO: [ app_end ] --END-- [ RunTime:0.001092s ]

