[ 2020-02-26T10:03:43+08:00 ] ::1 /test/culture3.0/index.php
INFO: [ app_init ] --START--
INFO: Run Behavior\BuildLiteBehavior [ RunTime:0.000034s ]
INFO: [ app_init ] --END-- [ RunTime:0.131976s ]
INFO: [ app_begin ] --START--
INFO: Run Behavior\ReadHtmlCacheBehavior [ RunTime:0.039788s ]
INFO: [ app_begin ] --END-- [ RunTime:0.039883s ]
SQL: SHOW COLUMNS FROM `tb_picture` [ RunTime:0.777099s ]
ERR: 1146:Table 'db_culture.tb_picture' doesn't exist
 [ SQL语句 ] : SHOW COLUMNS FROM `tb_picture`
SQL: SELECT * FROM `tb_picture` WHERE `type` = 'slide'  [ RunTime:0.010379s ]
ERR: 1146:Table 'db_culture.tb_picture' doesn't exist
 [ SQL语句 ] : SELECT * FROM `tb_picture` WHERE `type` = 'slide' 
SQL: SHOW COLUMNS FROM `tb_notice` [ RunTime:0.278311s ]
NOTIC: [8] Undefined index: p D:\phpStudy\WWW\test\culture3.0\App\Home\Controller\IndexController.class.php 第 15 行.
NOTIC: [8] Undefined index: limit D:\phpStudy\WWW\test\culture3.0\ThinkPHP\Library\Think\Db.class.php 第 786 行.
SQL: SELECT * FROM `tb_notice` WHERE ( id>=1 ) ORDER BY `time` desc LIMIT 0,20   [ RunTime:0.125303s ]
SQL: SELECT COUNT(*) AS tp_count FROM `tb_notice` WHERE ( id>=1 ) LIMIT 1   [ RunTime:0.049348s ]
SQL: SHOW COLUMNS FROM `tb_policy` [ RunTime:0.290758s ]
SQL: SELECT * FROM `tb_policy` WHERE ( id>=1 ) ORDER BY `time` desc  [ RunTime:0.001350s ]
SQL: SHOW COLUMNS FROM `tb_director` [ RunTime:0.149608s ]
SQL: SELECT * FROM `tb_director` WHERE ( Did>=1 ) ORDER BY `Did` asc  [ RunTime:0.001404s ]
SQL: SHOW COLUMNS FROM `tb_dynamic` [ RunTime:0.166629s ]
SQL: SELECT * FROM `tb_dynamic` WHERE ( id>=1 ) ORDER BY `time` desc  [ RunTime:0.000920s ]
SQL: SHOW COLUMNS FROM `tb_inheritor` [ RunTime:0.481040s ]
SQL: SELECT * FROM `tb_inheritor` WHERE ( id=1 ) LIMIT 1   [ RunTime:0.000317s ]
SQL: SHOW COLUMNS FROM `tb_country` [ RunTime:0.257009s ]
SQL: SELECT * FROM `tb_country` WHERE ( id>=1 ) ORDER BY `id` asc  [ RunTime:0.000420s ]
INFO: [ view_parse ] --START--
INFO: [ template_filter ] --START--
INFO: Run Behavior\ContentReplaceBehavior [ RunTime:0.000190s ]
INFO: [ template_filter ] --END-- [ RunTime:0.000332s ]
INFO: Run Behavior\ParseTemplateBehavior [ RunTime:1.854853s ]
INFO: [ view_parse ] --END-- [ RunTime:1.855084s ]
INFO: [ view_filter ] --START--
INFO: Run Behavior\WriteHtmlCacheBehavior [ RunTime:0.198566s ]
INFO: [ view_filter ] --END-- [ RunTime:0.198697s ]
INFO: [ app_end ] --START--
INFO: Run Behavior\ShowPageTraceBehavior [ RunTime:0.088575s ]
INFO: [ app_end ] --END-- [ RunTime:0.088712s ]

