[ 2020-03-30T22:11:18+08:00 ] ::1 /test/culture3.0/index.php?_ijt=dt591monfve9vcjdlefqgdrvva
INFO: [ app_init ] --START--
INFO: Run Behavior\BuildLiteBehavior [ RunTime:0.000031s ]
INFO: [ app_init ] --END-- [ RunTime:0.118219s ]
INFO: [ app_begin ] --START--
INFO: Run Behavior\ReadHtmlCacheBehavior [ RunTime:0.061715s ]
INFO: [ app_begin ] --END-- [ RunTime:0.061820s ]
SQL: SHOW COLUMNS FROM `tb_picture` [ RunTime:0.323137s ]
ERR: 1146:Table 'db_culture.tb_picture' doesn't exist
 [ SQL语句 ] : SHOW COLUMNS FROM `tb_picture`
SQL: SELECT * FROM `tb_picture` WHERE `type` = 'slide'  [ RunTime:0.022775s ]
ERR: 1146:Table 'db_culture.tb_picture' doesn't exist
 [ SQL语句 ] : SELECT * FROM `tb_picture` WHERE `type` = 'slide' 
SQL: SHOW COLUMNS FROM `tb_notice` [ RunTime:0.251318s ]
SQL: SELECT COUNT(*) AS tp_count FROM `tb_notice` WHERE ( id>=1 ) LIMIT 1   [ RunTime:0.056038s ]
SQL: SELECT * FROM `tb_notice` WHERE ( id>=1 ) ORDER BY `time` desc LIMIT 0,10   [ RunTime:0.008283s ]
SQL: SHOW COLUMNS FROM `tb_policy` [ RunTime:0.064008s ]
SQL: SELECT * FROM `tb_policy` WHERE ( id>=1 ) ORDER BY `time` desc  [ RunTime:0.014602s ]
SQL: SHOW COLUMNS FROM `tb_director` [ RunTime:0.054661s ]
SQL: SELECT * FROM `tb_director` WHERE ( Did>=1 ) ORDER BY `Did` asc  [ RunTime:0.015142s ]
SQL: SHOW COLUMNS FROM `tb_dynamic` [ RunTime:0.184188s ]
SQL: SELECT * FROM `tb_dynamic` WHERE ( id>=1 ) ORDER BY `time` desc  [ RunTime:0.000476s ]
SQL: SHOW COLUMNS FROM `tb_inheritor` [ RunTime:0.108343s ]
SQL: SELECT * FROM `tb_inheritor` WHERE ( id=1 ) LIMIT 1   [ RunTime:0.000500s ]
SQL: SHOW COLUMNS FROM `tb_country` [ RunTime:0.108070s ]
SQL: SELECT * FROM `tb_country` WHERE ( id>=1 ) ORDER BY `id` asc  [ RunTime:0.000577s ]
INFO: [ view_parse ] --START--
INFO: [ template_filter ] --START--
INFO: Run Behavior\ContentReplaceBehavior [ RunTime:0.000186s ]
INFO: [ template_filter ] --END-- [ RunTime:0.000328s ]
INFO: Run Behavior\ParseTemplateBehavior [ RunTime:1.033847s ]
INFO: [ view_parse ] --END-- [ RunTime:1.033955s ]
INFO: [ view_filter ] --START--
INFO: Run Behavior\WriteHtmlCacheBehavior [ RunTime:0.047356s ]
INFO: [ view_filter ] --END-- [ RunTime:0.047458s ]
INFO: [ app_end ] --START--
INFO: Run Behavior\ShowPageTraceBehavior [ RunTime:0.047128s ]
INFO: [ app_end ] --END-- [ RunTime:0.047315s ]

